OSS_CVC_7.00b-x86_64-rhel6x of 07/07/14 (Linux-elf).
Copyright (c) 1991-2014 Tachyon Design Automation Corp.
  All Rights reserved.  Licensed software subject to prohibitions and
  restrictions.  See OSS CVC artistic license included with release.
Today is Fri May 22 11:19:49 2026.
Highest level modules:
sky130_ef_sc_hd__decap_12
sky130_ef_sc_hd__decap_20_12
sky130_ef_sc_hd__decap_40_12
sky130_ef_sc_hd__decap_60_12
sky130_ef_sc_hd__decap_80_12
sky130_ef_sc_hd__fill_2
sky130_ef_sc_hd__fill_4
sky130_ef_sc_hd__fill_8
sky130_ef_sc_hd__fill_12
sky130_fd_sc_hd__a2bb2o_1
sky130_fd_sc_hd__a2bb2o_2
sky130_fd_sc_hd__a2bb2o_4
sky130_fd_sc_hd__a2bb2oi_1
sky130_fd_sc_hd__a2bb2oi_2
sky130_fd_sc_hd__a2bb2oi_4
sky130_fd_sc_hd__a21bo_1
sky130_fd_sc_hd__a21bo_2
sky130_fd_sc_hd__a21bo_4
sky130_fd_sc_hd__a21boi_0
sky130_fd_sc_hd__a21boi_1
sky130_fd_sc_hd__a21boi_2
sky130_fd_sc_hd__a21boi_4
sky130_fd_sc_hd__a21o_1
sky130_fd_sc_hd__a21o_2
sky130_fd_sc_hd__a21o_4
sky130_fd_sc_hd__a21oi_1
sky130_fd_sc_hd__a21oi_2
sky130_fd_sc_hd__a21oi_4
sky130_fd_sc_hd__a22o_1
sky130_fd_sc_hd__a22o_2
sky130_fd_sc_hd__a22o_4
sky130_fd_sc_hd__a22oi_1
sky130_fd_sc_hd__a22oi_2
sky130_fd_sc_hd__a22oi_4
sky130_fd_sc_hd__a31o_1
sky130_fd_sc_hd__a31o_2
sky130_fd_sc_hd__a31o_4
sky130_fd_sc_hd__a31oi_1
sky130_fd_sc_hd__a31oi_2
sky130_fd_sc_hd__a31oi_4
sky130_fd_sc_hd__a32o_1
sky130_fd_sc_hd__a32o_2
sky130_fd_sc_hd__a32o_4
sky130_fd_sc_hd__a32oi_1
sky130_fd_sc_hd__a32oi_2
sky130_fd_sc_hd__a32oi_4
sky130_fd_sc_hd__a41o_1
sky130_fd_sc_hd__a41o_2
sky130_fd_sc_hd__a41o_4
sky130_fd_sc_hd__a41oi_1
sky130_fd_sc_hd__a41oi_2
sky130_fd_sc_hd__a41oi_4
sky130_fd_sc_hd__a211o_1
sky130_fd_sc_hd__a211o_2
sky130_fd_sc_hd__a211o_4
sky130_fd_sc_hd__a211oi_1
sky130_fd_sc_hd__a211oi_2
sky130_fd_sc_hd__a211oi_4
sky130_fd_sc_hd__a221o_1
sky130_fd_sc_hd__a221o_2
sky130_fd_sc_hd__a221o_4
sky130_fd_sc_hd__a221oi_1
sky130_fd_sc_hd__a221oi_2
sky130_fd_sc_hd__a221oi_4
sky130_fd_sc_hd__a222oi_1
sky130_fd_sc_hd__a311o_1
sky130_fd_sc_hd__a311o_2
sky130_fd_sc_hd__a311o_4
sky130_fd_sc_hd__a311oi_1
sky130_fd_sc_hd__a311oi_2
sky130_fd_sc_hd__a311oi_4
sky130_fd_sc_hd__a2111o_1
sky130_fd_sc_hd__a2111o_2
sky130_fd_sc_hd__a2111o_4
sky130_fd_sc_hd__a2111oi_0
sky130_fd_sc_hd__a2111oi_1
sky130_fd_sc_hd__a2111oi_2
sky130_fd_sc_hd__a2111oi_4
sky130_fd_sc_hd__and2_0
sky130_fd_sc_hd__and2_1
sky130_fd_sc_hd__and2_2
sky130_fd_sc_hd__and2_4
sky130_fd_sc_hd__and2b_1
sky130_fd_sc_hd__and2b_4
sky130_fd_sc_hd__and3_1
sky130_fd_sc_hd__and3_2
sky130_fd_sc_hd__and3_4
sky130_fd_sc_hd__and3b_1
sky130_fd_sc_hd__and3b_2
sky130_fd_sc_hd__and3b_4
sky130_fd_sc_hd__and4_1
sky130_fd_sc_hd__and4_2
sky130_fd_sc_hd__and4_4
sky130_fd_sc_hd__and4b_1
sky130_fd_sc_hd__and4b_2
sky130_fd_sc_hd__and4b_4
sky130_fd_sc_hd__and4bb_1
sky130_fd_sc_hd__and4bb_2
sky130_fd_sc_hd__and4bb_4
sky130_fd_sc_hd__buf_1
sky130_fd_sc_hd__buf_2
sky130_fd_sc_hd__buf_4
sky130_fd_sc_hd__buf_6
sky130_fd_sc_hd__buf_8
sky130_fd_sc_hd__buf_12
sky130_fd_sc_hd__buf_16
sky130_fd_sc_hd__bufbuf_8
sky130_fd_sc_hd__bufbuf_16
sky130_fd_sc_hd__bufinv_8
sky130_fd_sc_hd__bufinv_16
sky130_fd_sc_hd__clkbuf_1
sky130_fd_sc_hd__clkbuf_2
sky130_fd_sc_hd__clkbuf_4
sky130_fd_sc_hd__clkbuf_8
sky130_fd_sc_hd__clkdlybuf4s15_1
sky130_fd_sc_hd__clkdlybuf4s15_2
sky130_fd_sc_hd__clkdlybuf4s18_1
sky130_fd_sc_hd__clkdlybuf4s18_2
sky130_fd_sc_hd__clkdlybuf4s25_2
sky130_fd_sc_hd__clkdlybuf4s50_1
sky130_fd_sc_hd__clkdlybuf4s50_2
sky130_fd_sc_hd__clkinv_1
sky130_fd_sc_hd__clkinv_2
sky130_fd_sc_hd__clkinv_4
sky130_fd_sc_hd__clkinv_8
sky130_fd_sc_hd__clkinv_16
sky130_fd_sc_hd__clkinvlp_2
sky130_fd_sc_hd__clkinvlp_4
sky130_fd_sc_hd__decap_4
sky130_fd_sc_hd__decap_6
sky130_fd_sc_hd__decap_8
sky130_fd_sc_hd__decap_12
sky130_fd_sc_hd__dfbbn_1
sky130_fd_sc_hd__dfbbn_2
sky130_fd_sc_hd__dfbbp_1
sky130_fd_sc_hd__dfrbp_1
sky130_fd_sc_hd__dfrbp_2
sky130_fd_sc_hd__dfrtn_1
sky130_fd_sc_hd__dfrtp_1
sky130_fd_sc_hd__dfrtp_2
sky130_fd_sc_hd__dfrtp_4
sky130_fd_sc_hd__dfsbp_1
sky130_fd_sc_hd__dfsbp_2
sky130_fd_sc_hd__dfstp_1
sky130_fd_sc_hd__dfstp_2
sky130_fd_sc_hd__dfstp_4
sky130_fd_sc_hd__dfxbp_1
sky130_fd_sc_hd__dfxbp_2
sky130_fd_sc_hd__dfxtp_1
sky130_fd_sc_hd__dfxtp_4
sky130_fd_sc_hd__dlclkp_1
sky130_fd_sc_hd__dlclkp_2
sky130_fd_sc_hd__dlclkp_4
sky130_fd_sc_hd__dlrbn_1
sky130_fd_sc_hd__dlrbn_2
sky130_fd_sc_hd__dlrbp_1
sky130_fd_sc_hd__dlrbp_2
sky130_fd_sc_hd__dlrtn_1
sky130_fd_sc_hd__dlrtn_2
sky130_fd_sc_hd__dlrtn_4
sky130_fd_sc_hd__dlrtp_1
sky130_fd_sc_hd__dlrtp_2
sky130_fd_sc_hd__dlrtp_4
sky130_fd_sc_hd__dlxbn_1
sky130_fd_sc_hd__dlxbn_2
sky130_fd_sc_hd__dlxbp_1
sky130_fd_sc_hd__dlxtn_1
sky130_fd_sc_hd__dlxtn_2
sky130_fd_sc_hd__dlxtn_4
sky130_fd_sc_hd__dlxtp_1
sky130_fd_sc_hd__dlygate4sd1_1
sky130_fd_sc_hd__dlygate4sd2_1
sky130_fd_sc_hd__dlygate4sd3_1
sky130_fd_sc_hd__dlymetal6s2s_1
sky130_fd_sc_hd__dlymetal6s4s_1
sky130_fd_sc_hd__dlymetal6s6s_1
sky130_fd_sc_hd__ebufn_1
sky130_fd_sc_hd__ebufn_2
sky130_fd_sc_hd__ebufn_4
sky130_fd_sc_hd__ebufn_8
sky130_fd_sc_hd__edfxbp_1
sky130_fd_sc_hd__edfxtp_1
sky130_fd_sc_hd__einvn_0
sky130_fd_sc_hd__einvn_1
sky130_fd_sc_hd__einvn_2
sky130_fd_sc_hd__einvn_4
sky130_fd_sc_hd__einvn_8
sky130_fd_sc_hd__einvp_1
sky130_fd_sc_hd__einvp_2
sky130_fd_sc_hd__einvp_4
sky130_fd_sc_hd__einvp_8
sky130_fd_sc_hd__fa_1
sky130_fd_sc_hd__fa_2
sky130_fd_sc_hd__fa_4
sky130_fd_sc_hd__fah_1
sky130_fd_sc_hd__fahcin_1
sky130_fd_sc_hd__fahcon_1
sky130_fd_sc_hd__fill_4
sky130_fd_sc_hd__fill_8
sky130_fd_sc_hd__ha_1
sky130_fd_sc_hd__ha_2
sky130_fd_sc_hd__ha_4
sky130_fd_sc_hd__inv_1
sky130_fd_sc_hd__inv_4
sky130_fd_sc_hd__inv_6
sky130_fd_sc_hd__inv_8
sky130_fd_sc_hd__inv_12
sky130_fd_sc_hd__inv_16
sky130_fd_sc_hd__lpflow_bleeder_1
sky130_fd_sc_hd__lpflow_clkbufkapwr_1
sky130_fd_sc_hd__lpflow_clkbufkapwr_2
sky130_fd_sc_hd__lpflow_clkbufkapwr_4
sky130_fd_sc_hd__lpflow_clkbufkapwr_8
sky130_fd_sc_hd__lpflow_clkbufkapwr_16
sky130_fd_sc_hd__lpflow_clkinvkapwr_1
sky130_fd_sc_hd__lpflow_clkinvkapwr_2
sky130_fd_sc_hd__lpflow_clkinvkapwr_4
sky130_fd_sc_hd__lpflow_clkinvkapwr_8
sky130_fd_sc_hd__lpflow_clkinvkapwr_16
sky130_fd_sc_hd__lpflow_decapkapwr_3
sky130_fd_sc_hd__lpflow_decapkapwr_4
sky130_fd_sc_hd__lpflow_decapkapwr_6
sky130_fd_sc_hd__lpflow_decapkapwr_8
sky130_fd_sc_hd__lpflow_decapkapwr_12
sky130_fd_sc_hd__lpflow_inputiso0n_1
sky130_fd_sc_hd__lpflow_inputiso0p_1
sky130_fd_sc_hd__lpflow_inputiso1n_1
sky130_fd_sc_hd__lpflow_inputiso1p_1
sky130_fd_sc_hd__lpflow_inputisolatch_1
sky130_fd_sc_hd__lpflow_isobufsrc_1
sky130_fd_sc_hd__lpflow_isobufsrc_2
sky130_fd_sc_hd__lpflow_isobufsrc_4
sky130_fd_sc_hd__lpflow_isobufsrc_8
sky130_fd_sc_hd__lpflow_isobufsrc_16
sky130_fd_sc_hd__lpflow_isobufsrckapwr_16
sky130_fd_sc_hd__lpflow_lsbuf_lh_hl_isowell_tap_1
sky130_fd_sc_hd__lpflow_lsbuf_lh_hl_isowell_tap_2
sky130_fd_sc_hd__lpflow_lsbuf_lh_hl_isowell_tap_4
sky130_fd_sc_hd__lpflow_lsbuf_lh_isowell_4
sky130_fd_sc_hd__lpflow_lsbuf_lh_isowell_tap_1
sky130_fd_sc_hd__lpflow_lsbuf_lh_isowell_tap_2
sky130_fd_sc_hd__lpflow_lsbuf_lh_isowell_tap_4
sky130_fd_sc_hd__macro_sparecell
sky130_fd_sc_hd__maj3_1
sky130_fd_sc_hd__maj3_2
sky130_fd_sc_hd__maj3_4
sky130_fd_sc_hd__mux2_2
sky130_fd_sc_hd__mux2_4
sky130_fd_sc_hd__mux2_8
sky130_fd_sc_hd__mux2i_1
sky130_fd_sc_hd__mux2i_2
sky130_fd_sc_hd__mux2i_4
sky130_fd_sc_hd__mux4_1
sky130_fd_sc_hd__mux4_2
sky130_fd_sc_hd__mux4_4
sky130_fd_sc_hd__nand2_1
sky130_fd_sc_hd__nand2_4
sky130_fd_sc_hd__nand2_8
sky130_fd_sc_hd__nand2b_1
sky130_fd_sc_hd__nand2b_2
sky130_fd_sc_hd__nand2b_4
sky130_fd_sc_hd__nand3_1
sky130_fd_sc_hd__nand3_2
sky130_fd_sc_hd__nand3_4
sky130_fd_sc_hd__nand3b_1
sky130_fd_sc_hd__nand3b_2
sky130_fd_sc_hd__nand3b_4
sky130_fd_sc_hd__nand4_1
sky130_fd_sc_hd__nand4_2
sky130_fd_sc_hd__nand4_4
sky130_fd_sc_hd__nand4b_1
sky130_fd_sc_hd__nand4b_2
sky130_fd_sc_hd__nand4b_4
sky130_fd_sc_hd__nand4bb_1
sky130_fd_sc_hd__nand4bb_2
sky130_fd_sc_hd__nand4bb_4
sky130_fd_sc_hd__nor2_1
sky130_fd_sc_hd__nor2_4
sky130_fd_sc_hd__nor2_8
sky130_fd_sc_hd__nor2b_1
sky130_fd_sc_hd__nor2b_2
sky130_fd_sc_hd__nor2b_4
sky130_fd_sc_hd__nor3_1
sky130_fd_sc_hd__nor3_2
sky130_fd_sc_hd__nor3_4
sky130_fd_sc_hd__nor3b_1
sky130_fd_sc_hd__nor3b_2
sky130_fd_sc_hd__nor3b_4
sky130_fd_sc_hd__nor4_1
sky130_fd_sc_hd__nor4_2
sky130_fd_sc_hd__nor4_4
sky130_fd_sc_hd__nor4b_1
sky130_fd_sc_hd__nor4b_2
sky130_fd_sc_hd__nor4b_4
sky130_fd_sc_hd__nor4bb_1
sky130_fd_sc_hd__nor4bb_2
sky130_fd_sc_hd__nor4bb_4
sky130_fd_sc_hd__o2bb2a_1
sky130_fd_sc_hd__o2bb2a_2
sky130_fd_sc_hd__o2bb2a_4
sky130_fd_sc_hd__o2bb2ai_1
sky130_fd_sc_hd__o2bb2ai_2
sky130_fd_sc_hd__o2bb2ai_4
sky130_fd_sc_hd__o21a_1
sky130_fd_sc_hd__o21a_2
sky130_fd_sc_hd__o21a_4
sky130_fd_sc_hd__o21ai_0
sky130_fd_sc_hd__o21ai_1
sky130_fd_sc_hd__o21ai_2
sky130_fd_sc_hd__o21ai_4
sky130_fd_sc_hd__o21ba_1
sky130_fd_sc_hd__o21ba_2
sky130_fd_sc_hd__o21ba_4
sky130_fd_sc_hd__o21bai_1
sky130_fd_sc_hd__o21bai_2
sky130_fd_sc_hd__o21bai_4
sky130_fd_sc_hd__o22a_1
sky130_fd_sc_hd__o22a_2
sky130_fd_sc_hd__o22a_4
sky130_fd_sc_hd__o22ai_1
sky130_fd_sc_hd__o22ai_2
sky130_fd_sc_hd__o22ai_4
sky130_fd_sc_hd__o31a_1
sky130_fd_sc_hd__o31a_2
sky130_fd_sc_hd__o31a_4
sky130_fd_sc_hd__o31ai_1
sky130_fd_sc_hd__o31ai_2
sky130_fd_sc_hd__o31ai_4
sky130_fd_sc_hd__o32a_1
sky130_fd_sc_hd__o32a_2
sky130_fd_sc_hd__o32a_4
sky130_fd_sc_hd__o32ai_1
sky130_fd_sc_hd__o32ai_2
sky130_fd_sc_hd__o32ai_4
sky130_fd_sc_hd__o41a_1
sky130_fd_sc_hd__o41a_2
sky130_fd_sc_hd__o41a_4
sky130_fd_sc_hd__o41ai_1
sky130_fd_sc_hd__o41ai_2
sky130_fd_sc_hd__o41ai_4
sky130_fd_sc_hd__o211a_1
sky130_fd_sc_hd__o211a_2
sky130_fd_sc_hd__o211a_4
sky130_fd_sc_hd__o211ai_1
sky130_fd_sc_hd__o211ai_2
sky130_fd_sc_hd__o211ai_4
sky130_fd_sc_hd__o221a_1
sky130_fd_sc_hd__o221a_2
sky130_fd_sc_hd__o221a_4
sky130_fd_sc_hd__o221ai_1
sky130_fd_sc_hd__o221ai_2
sky130_fd_sc_hd__o221ai_4
sky130_fd_sc_hd__o311a_1
sky130_fd_sc_hd__o311a_2
sky130_fd_sc_hd__o311a_4
sky130_fd_sc_hd__o311ai_0
sky130_fd_sc_hd__o311ai_1
sky130_fd_sc_hd__o311ai_2
sky130_fd_sc_hd__o311ai_4
sky130_fd_sc_hd__o2111a_1
sky130_fd_sc_hd__o2111a_2
sky130_fd_sc_hd__o2111a_4
sky130_fd_sc_hd__o2111ai_1
sky130_fd_sc_hd__o2111ai_2
sky130_fd_sc_hd__o2111ai_4
sky130_fd_sc_hd__or2_0
sky130_fd_sc_hd__or2_1
sky130_fd_sc_hd__or2_2
sky130_fd_sc_hd__or2_4
sky130_fd_sc_hd__or2b_1
sky130_fd_sc_hd__or2b_2
sky130_fd_sc_hd__or2b_4
sky130_fd_sc_hd__or3_1
sky130_fd_sc_hd__or3_2
sky130_fd_sc_hd__or3_4
sky130_fd_sc_hd__or3b_1
sky130_fd_sc_hd__or3b_2
sky130_fd_sc_hd__or3b_4
sky130_fd_sc_hd__or4_1
sky130_fd_sc_hd__or4_2
sky130_fd_sc_hd__or4_4
sky130_fd_sc_hd__or4b_1
sky130_fd_sc_hd__or4b_2
sky130_fd_sc_hd__or4b_4
sky130_fd_sc_hd__or4bb_1
sky130_fd_sc_hd__or4bb_2
sky130_fd_sc_hd__or4bb_4
sky130_fd_sc_hd__probe_p_8
sky130_fd_sc_hd__probec_p_8
sky130_fd_sc_hd__sdfbbn_1
sky130_fd_sc_hd__sdfbbn_2
sky130_fd_sc_hd__sdfbbp_1
sky130_fd_sc_hd__sdfrbp_1
sky130_fd_sc_hd__sdfrbp_2
sky130_fd_sc_hd__sdfrtn_1
sky130_fd_sc_hd__sdfrtp_1
sky130_fd_sc_hd__sdfrtp_2
sky130_fd_sc_hd__sdfrtp_4
sky130_fd_sc_hd__sdfsbp_1
sky130_fd_sc_hd__sdfsbp_2
sky130_fd_sc_hd__sdfstp_1
sky130_fd_sc_hd__sdfstp_2
sky130_fd_sc_hd__sdfstp_4
sky130_fd_sc_hd__sdfxbp_1
sky130_fd_sc_hd__sdfxbp_2
sky130_fd_sc_hd__sdfxtp_1
sky130_fd_sc_hd__sdfxtp_2
sky130_fd_sc_hd__sdfxtp_4
sky130_fd_sc_hd__sdlclkp_1
sky130_fd_sc_hd__sdlclkp_2
sky130_fd_sc_hd__sdlclkp_4
sky130_fd_sc_hd__sedfxbp_1
sky130_fd_sc_hd__sedfxbp_2
sky130_fd_sc_hd__sedfxtp_1
sky130_fd_sc_hd__sedfxtp_2
sky130_fd_sc_hd__sedfxtp_4
sky130_fd_sc_hd__tap_1
sky130_fd_sc_hd__tap_2
sky130_fd_sc_hd__tapvgnd2_1
sky130_fd_sc_hd__tapvgnd_1
sky130_fd_sc_hd__xnor2_1
sky130_fd_sc_hd__xnor2_2
sky130_fd_sc_hd__xnor2_4
sky130_fd_sc_hd__xnor3_1
sky130_fd_sc_hd__xnor3_2
sky130_fd_sc_hd__xnor3_4
sky130_fd_sc_hd__xor2_1
sky130_fd_sc_hd__xor2_2
sky130_fd_sc_hd__xor2_4
sky130_fd_sc_hd__xor3_1
sky130_fd_sc_hd__xor3_2
sky130_fd_sc_hd__xor3_4
tb_shift_reg
  SDF: now 0 ps executing $sdf_annotate task at **tb_shift_reg.sv(73) in tb_shift_reg context tb_shift_reg.u_dut
**runs/RUN_2026-05-22_11-01-02/final/sdf/nom_tt_025C_1v80/shift_reg__nom_tt_025C_1v80.sdf(9) WARN** [662] (VOLTAGE value missing in rtriple field "typ"
**runs/RUN_2026-05-22_11-01-02/final/sdf/nom_tt_025C_1v80/shift_reg__nom_tt_025C_1v80.sdf(11) WARN** [662] (TEMPERATURE value missing in rtriple field "typ"
**runs/RUN_2026-05-22_11-01-02/final/sdf/nom_tt_025C_1v80/shift_reg__nom_tt_025C_1v80.sdf(18) WARN** [3106] SDF (INTERCONNECT form source port clk is not an output or inout port of module shift_reg - works because annotated as (PORT form MIPD delay
**runs/RUN_2026-05-22_11-01-02/final/sdf/nom_tt_025C_1v80/shift_reg__nom_tt_025C_1v80.sdf(19) WARN** [3106] SDF (INTERCONNECT form source port clk is not an output or inout port of module shift_reg - works because annotated as (PORT form MIPD delay
  SDF **runs/RUN_2026-05-22_11-01-02/final/sdf/nom_tt_025C_1v80/shift_reg__nom_tt_025C_1v80.sdf(19): (INTERCONNECT (non src-dst port) A MIPD set to 0, 0 (in tb_shift_reg.u_dut.clkbuf_0_clk type sky130_fd_sc_hd__clkbuf_16)
**runs/RUN_2026-05-22_11-01-02/final/sdf/nom_tt_025C_1v80/shift_reg__nom_tt_025C_1v80.sdf(20) WARN** [3106] SDF (INTERCONNECT form source port d_in is not an output or inout port of module shift_reg - works because annotated as (PORT form MIPD delay
**runs/RUN_2026-05-22_11-01-02/final/sdf/nom_tt_025C_1v80/shift_reg__nom_tt_025C_1v80.sdf(21) WARN** [3106] SDF (INTERCONNECT form source port d_in is not an output or inout port of module shift_reg - works because annotated as (PORT form MIPD delay
**runs/RUN_2026-05-22_11-01-02/final/sdf/nom_tt_025C_1v80/shift_reg__nom_tt_025C_1v80.sdf(22) WARN** [3106] SDF (INTERCONNECT form source port en is not an output or inout port of module shift_reg - works because annotated as (PORT form MIPD delay
**runs/RUN_2026-05-22_11-01-02/final/sdf/nom_tt_025C_1v80/shift_reg__nom_tt_025C_1v80.sdf(23) WARN** [3106] SDF (INTERCONNECT form source port en is not an output or inout port of module shift_reg - works because annotated as (PORT form MIPD delay
**runs/RUN_2026-05-22_11-01-02/final/sdf/nom_tt_025C_1v80/shift_reg__nom_tt_025C_1v80.sdf(24) WARN** [3106] SDF (INTERCONNECT form source port reset is not an output or inout port of module shift_reg - works because annotated as (PORT form MIPD delay
**runs/RUN_2026-05-22_11-01-02/final/sdf/nom_tt_025C_1v80/shift_reg__nom_tt_025C_1v80.sdf(25) WARN** [3106] SDF (INTERCONNECT form source port reset is not an output or inout port of module shift_reg - works because annotated as (PORT form MIPD delay
  SDF **runs/RUN_2026-05-22_11-01-02/final/sdf/nom_tt_025C_1v80/shift_reg__nom_tt_025C_1v80.sdf(26): (INTERCONNECT (non src-dst port) B MIPD set to 0 (in tb_shift_reg.u_dut._17_ type sky130_fd_sc_hd__and2b_2)
  SDF **runs/RUN_2026-05-22_11-01-02/final/sdf/nom_tt_025C_1v80/shift_reg__nom_tt_025C_1v80.sdf(27): (INTERCONNECT (non src-dst port) D MIPD set to 0 (in tb_shift_reg.u_dut._32_ type sky130_fd_sc_hd__dfxtp_2)
  SDF **runs/RUN_2026-05-22_11-01-02/final/sdf/nom_tt_025C_1v80/shift_reg__nom_tt_025C_1v80.sdf(28): (INTERCONNECT (non src-dst port) B MIPD set to 0 (in tb_shift_reg.u_dut._19_ type sky130_fd_sc_hd__and2b_2)
  SDF **runs/RUN_2026-05-22_11-01-02/final/sdf/nom_tt_025C_1v80/shift_reg__nom_tt_025C_1v80.sdf(29): (INTERCONNECT (non src-dst port) D MIPD set to 0 (in tb_shift_reg.u_dut._33_ type sky130_fd_sc_hd__dfxtp_2)
  SDF **runs/RUN_2026-05-22_11-01-02/final/sdf/nom_tt_025C_1v80/shift_reg__nom_tt_025C_1v80.sdf(30): (INTERCONNECT (non src-dst port) B MIPD set to 0 (in tb_shift_reg.u_dut._21_ type sky130_fd_sc_hd__and2b_2)
  SDF **runs/RUN_2026-05-22_11-01-02/final/sdf/nom_tt_025C_1v80/shift_reg__nom_tt_025C_1v80.sdf(31): (INTERCONNECT (non src-dst port) D MIPD set to 0 (in tb_shift_reg.u_dut._34_ type sky130_fd_sc_hd__dfxtp_2)
  SDF **runs/RUN_2026-05-22_11-01-02/final/sdf/nom_tt_025C_1v80/shift_reg__nom_tt_025C_1v80.sdf(32): (INTERCONNECT (non src-dst port) B MIPD set to 0 (in tb_shift_reg.u_dut._23_ type sky130_fd_sc_hd__and2b_2)
  SDF **runs/RUN_2026-05-22_11-01-02/final/sdf/nom_tt_025C_1v80/shift_reg__nom_tt_025C_1v80.sdf(33): (INTERCONNECT (non src-dst port) D MIPD set to 0 (in tb_shift_reg.u_dut._35_ type sky130_fd_sc_hd__dfxtp_2)
  SDF **runs/RUN_2026-05-22_11-01-02/final/sdf/nom_tt_025C_1v80/shift_reg__nom_tt_025C_1v80.sdf(34): (INTERCONNECT (non src-dst port) B MIPD set to 0 (in tb_shift_reg.u_dut._25_ type sky130_fd_sc_hd__and2b_2)
  SDF **runs/RUN_2026-05-22_11-01-02/final/sdf/nom_tt_025C_1v80/shift_reg__nom_tt_025C_1v80.sdf(35): (INTERCONNECT (non src-dst port) D MIPD set to 0 (in tb_shift_reg.u_dut._36_ type sky130_fd_sc_hd__dfxtp_2)
  SDF **runs/RUN_2026-05-22_11-01-02/final/sdf/nom_tt_025C_1v80/shift_reg__nom_tt_025C_1v80.sdf(36): (INTERCONNECT (non src-dst port) B MIPD set to 0 (in tb_shift_reg.u_dut._27_ type sky130_fd_sc_hd__and2b_2)
  SDF **runs/RUN_2026-05-22_11-01-02/final/sdf/nom_tt_025C_1v80/shift_reg__nom_tt_025C_1v80.sdf(37): (INTERCONNECT (non src-dst port) D MIPD set to 0 (in tb_shift_reg.u_dut._37_ type sky130_fd_sc_hd__dfxtp_2)
  SDF **runs/RUN_2026-05-22_11-01-02/final/sdf/nom_tt_025C_1v80/shift_reg__nom_tt_025C_1v80.sdf(38): (INTERCONNECT (non src-dst port) B MIPD set to 0 (in tb_shift_reg.u_dut._29_ type sky130_fd_sc_hd__and2b_2)
  SDF **runs/RUN_2026-05-22_11-01-02/final/sdf/nom_tt_025C_1v80/shift_reg__nom_tt_025C_1v80.sdf(39): (INTERCONNECT (non src-dst port) D MIPD set to 0 (in tb_shift_reg.u_dut._38_ type sky130_fd_sc_hd__dfxtp_2)
  SDF **runs/RUN_2026-05-22_11-01-02/final/sdf/nom_tt_025C_1v80/shift_reg__nom_tt_025C_1v80.sdf(40): (INTERCONNECT (non src-dst port) B MIPD set to 0 (in tb_shift_reg.u_dut._31_ type sky130_fd_sc_hd__and2b_2)
  SDF **runs/RUN_2026-05-22_11-01-02/final/sdf/nom_tt_025C_1v80/shift_reg__nom_tt_025C_1v80.sdf(41): (INTERCONNECT (non src-dst port) D MIPD set to 0 (in tb_shift_reg.u_dut._39_ type sky130_fd_sc_hd__dfxtp_2)
  SDF **runs/RUN_2026-05-22_11-01-02/final/sdf/nom_tt_025C_1v80/shift_reg__nom_tt_025C_1v80.sdf(42): (INTERCONNECT (non src-dst port) A0 MIPD set to 0 (in tb_shift_reg.u_dut._16_ type sky130_fd_sc_hd__mux2_1)
  SDF **runs/RUN_2026-05-22_11-01-02/final/sdf/nom_tt_025C_1v80/shift_reg__nom_tt_025C_1v80.sdf(43): (INTERCONNECT (non src-dst port) A1 MIPD set to 0 (in tb_shift_reg.u_dut._18_ type sky130_fd_sc_hd__mux2_1)
  SDF **runs/RUN_2026-05-22_11-01-02/final/sdf/nom_tt_025C_1v80/shift_reg__nom_tt_025C_1v80.sdf(44): (INTERCONNECT (non src-dst port) A MIPD set to 0 (in tb_shift_reg.u_dut.output4 type sky130_fd_sc_hd__clkdlybuf4s25_1)
  SDF **runs/RUN_2026-05-22_11-01-02/final/sdf/nom_tt_025C_1v80/shift_reg__nom_tt_025C_1v80.sdf(45): (INTERCONNECT (non src-dst port) A0 MIPD set to 0 (in tb_shift_reg.u_dut._18_ type sky130_fd_sc_hd__mux2_1)
  SDF **runs/RUN_2026-05-22_11-01-02/final/sdf/nom_tt_025C_1v80/shift_reg__nom_tt_025C_1v80.sdf(46): (INTERCONNECT (non src-dst port) A1 MIPD set to 0 (in tb_shift_reg.u_dut._20_ type sky130_fd_sc_hd__mux2_1)
  SDF **runs/RUN_2026-05-22_11-01-02/final/sdf/nom_tt_025C_1v80/shift_reg__nom_tt_025C_1v80.sdf(47): (INTERCONNECT (non src-dst port) A MIPD set to 0 (in tb_shift_reg.u_dut.output5 type sky130_fd_sc_hd__clkdlybuf4s25_1)
  SDF **runs/RUN_2026-05-22_11-01-02/final/sdf/nom_tt_025C_1v80/shift_reg__nom_tt_025C_1v80.sdf(48): (INTERCONNECT (non src-dst port) A0 MIPD set to 0 (in tb_shift_reg.u_dut._20_ type sky130_fd_sc_hd__mux2_1)
  SDF **runs/RUN_2026-05-22_11-01-02/final/sdf/nom_tt_025C_1v80/shift_reg__nom_tt_025C_1v80.sdf(49): (INTERCONNECT (non src-dst port) A1 MIPD set to 0 (in tb_shift_reg.u_dut._22_ type sky130_fd_sc_hd__mux2_1)
  SDF **runs/RUN_2026-05-22_11-01-02/final/sdf/nom_tt_025C_1v80/shift_reg__nom_tt_025C_1v80.sdf(50): (INTERCONNECT (non src-dst port) A MIPD set to 0 (in tb_shift_reg.u_dut.output6 type sky130_fd_sc_hd__clkdlybuf4s25_1)
  SDF **runs/RUN_2026-05-22_11-01-02/final/sdf/nom_tt_025C_1v80/shift_reg__nom_tt_025C_1v80.sdf(51): (INTERCONNECT (non src-dst port) A0 MIPD set to 0 (in tb_shift_reg.u_dut._22_ type sky130_fd_sc_hd__mux2_1)
  SDF **runs/RUN_2026-05-22_11-01-02/final/sdf/nom_tt_025C_1v80/shift_reg__nom_tt_025C_1v80.sdf(52): (INTERCONNECT (non src-dst port) A1 MIPD set to 0 (in tb_shift_reg.u_dut._24_ type sky130_fd_sc_hd__mux2_1)
  SDF **runs/RUN_2026-05-22_11-01-02/final/sdf/nom_tt_025C_1v80/shift_reg__nom_tt_025C_1v80.sdf(53): (INTERCONNECT (non src-dst port) A MIPD set to 0 (in tb_shift_reg.u_dut.output7 type sky130_fd_sc_hd__clkdlybuf4s25_1)
  SDF **runs/RUN_2026-05-22_11-01-02/final/sdf/nom_tt_025C_1v80/shift_reg__nom_tt_025C_1v80.sdf(54): (INTERCONNECT (non src-dst port) A0 MIPD set to 0 (in tb_shift_reg.u_dut._24_ type sky130_fd_sc_hd__mux2_1)
  SDF **runs/RUN_2026-05-22_11-01-02/final/sdf/nom_tt_025C_1v80/shift_reg__nom_tt_025C_1v80.sdf(55): (INTERCONNECT (non src-dst port) A1 MIPD set to 0 (in tb_shift_reg.u_dut._26_ type sky130_fd_sc_hd__mux2_1)
  SDF **runs/RUN_2026-05-22_11-01-02/final/sdf/nom_tt_025C_1v80/shift_reg__nom_tt_025C_1v80.sdf(56): (INTERCONNECT (non src-dst port) A MIPD set to 0 (in tb_shift_reg.u_dut.output8 type sky130_fd_sc_hd__clkdlybuf4s25_1)
  SDF **runs/RUN_2026-05-22_11-01-02/final/sdf/nom_tt_025C_1v80/shift_reg__nom_tt_025C_1v80.sdf(57): (INTERCONNECT (non src-dst port) A0 MIPD set to 0 (in tb_shift_reg.u_dut._26_ type sky130_fd_sc_hd__mux2_1)
  SDF **runs/RUN_2026-05-22_11-01-02/final/sdf/nom_tt_025C_1v80/shift_reg__nom_tt_025C_1v80.sdf(58): (INTERCONNECT (non src-dst port) A1 MIPD set to 0 (in tb_shift_reg.u_dut._28_ type sky130_fd_sc_hd__mux2_1)
  SDF **runs/RUN_2026-05-22_11-01-02/final/sdf/nom_tt_025C_1v80/shift_reg__nom_tt_025C_1v80.sdf(59): (INTERCONNECT (non src-dst port) A MIPD set to 0 (in tb_shift_reg.u_dut.output9 type sky130_fd_sc_hd__clkdlybuf4s25_1)
  SDF **runs/RUN_2026-05-22_11-01-02/final/sdf/nom_tt_025C_1v80/shift_reg__nom_tt_025C_1v80.sdf(60): (INTERCONNECT (non src-dst port) A0 MIPD set to 0 (in tb_shift_reg.u_dut._28_ type sky130_fd_sc_hd__mux2_1)
  SDF **runs/RUN_2026-05-22_11-01-02/final/sdf/nom_tt_025C_1v80/shift_reg__nom_tt_025C_1v80.sdf(61): (INTERCONNECT (non src-dst port) A1 MIPD set to 0 (in tb_shift_reg.u_dut._30_ type sky130_fd_sc_hd__mux2_1)
  SDF **runs/RUN_2026-05-22_11-01-02/final/sdf/nom_tt_025C_1v80/shift_reg__nom_tt_025C_1v80.sdf(62): (INTERCONNECT (non src-dst port) A MIPD set to 0 (in tb_shift_reg.u_dut.output10 type sky130_fd_sc_hd__clkdlybuf4s25_1)
  SDF **runs/RUN_2026-05-22_11-01-02/final/sdf/nom_tt_025C_1v80/shift_reg__nom_tt_025C_1v80.sdf(63): (INTERCONNECT (non src-dst port) A0 MIPD set to 0 (in tb_shift_reg.u_dut._30_ type sky130_fd_sc_hd__mux2_1)
  SDF **runs/RUN_2026-05-22_11-01-02/final/sdf/nom_tt_025C_1v80/shift_reg__nom_tt_025C_1v80.sdf(64): (INTERCONNECT (non src-dst port) A MIPD set to 0 (in tb_shift_reg.u_dut.output11 type sky130_fd_sc_hd__clkdlybuf4s25_1)
  SDF **runs/RUN_2026-05-22_11-01-02/final/sdf/nom_tt_025C_1v80/shift_reg__nom_tt_025C_1v80.sdf(65): (INTERCONNECT (non src-dst port) A MIPD set to 0, 0 (in tb_shift_reg.u_dut.clkbuf_1_0__f_clk type sky130_fd_sc_hd__clkbuf_16)
  SDF **runs/RUN_2026-05-22_11-01-02/final/sdf/nom_tt_025C_1v80/shift_reg__nom_tt_025C_1v80.sdf(66): (INTERCONNECT (non src-dst port) A MIPD set to 0, 0 (in tb_shift_reg.u_dut.clkbuf_1_1__f_clk type sky130_fd_sc_hd__clkbuf_16)
  SDF **runs/RUN_2026-05-22_11-01-02/final/sdf/nom_tt_025C_1v80/shift_reg__nom_tt_025C_1v80.sdf(67): (INTERCONNECT (non src-dst port) CLK MIPD set to 0 (in tb_shift_reg.u_dut._36_ type sky130_fd_sc_hd__dfxtp_2)
  SDF **runs/RUN_2026-05-22_11-01-02/final/sdf/nom_tt_025C_1v80/shift_reg__nom_tt_025C_1v80.sdf(68): (INTERCONNECT (non src-dst port) CLK MIPD set to 0 (in tb_shift_reg.u_dut._37_ type sky130_fd_sc_hd__dfxtp_2)
  SDF **runs/RUN_2026-05-22_11-01-02/final/sdf/nom_tt_025C_1v80/shift_reg__nom_tt_025C_1v80.sdf(69): (INTERCONNECT (non src-dst port) CLK MIPD set to 0 (in tb_shift_reg.u_dut._38_ type sky130_fd_sc_hd__dfxtp_2)
  SDF **runs/RUN_2026-05-22_11-01-02/final/sdf/nom_tt_025C_1v80/shift_reg__nom_tt_025C_1v80.sdf(70): (INTERCONNECT (non src-dst port) CLK MIPD set to 0 (in tb_shift_reg.u_dut._39_ type sky130_fd_sc_hd__dfxtp_2)
  SDF **runs/RUN_2026-05-22_11-01-02/final/sdf/nom_tt_025C_1v80/shift_reg__nom_tt_025C_1v80.sdf(71): (INTERCONNECT (non src-dst port) CLK MIPD set to 0 (in tb_shift_reg.u_dut._32_ type sky130_fd_sc_hd__dfxtp_2)
  SDF **runs/RUN_2026-05-22_11-01-02/final/sdf/nom_tt_025C_1v80/shift_reg__nom_tt_025C_1v80.sdf(72): (INTERCONNECT (non src-dst port) CLK MIPD set to 0 (in tb_shift_reg.u_dut._33_ type sky130_fd_sc_hd__dfxtp_2)
  SDF **runs/RUN_2026-05-22_11-01-02/final/sdf/nom_tt_025C_1v80/shift_reg__nom_tt_025C_1v80.sdf(73): (INTERCONNECT (non src-dst port) CLK MIPD set to 0 (in tb_shift_reg.u_dut._34_ type sky130_fd_sc_hd__dfxtp_2)
  SDF **runs/RUN_2026-05-22_11-01-02/final/sdf/nom_tt_025C_1v80/shift_reg__nom_tt_025C_1v80.sdf(74): (INTERCONNECT (non src-dst port) CLK MIPD set to 0 (in tb_shift_reg.u_dut._35_ type sky130_fd_sc_hd__dfxtp_2)
  SDF **runs/RUN_2026-05-22_11-01-02/final/sdf/nom_tt_025C_1v80/shift_reg__nom_tt_025C_1v80.sdf(75): (INTERCONNECT (non src-dst port) A1 MIPD set to 0 (in tb_shift_reg.u_dut._16_ type sky130_fd_sc_hd__mux2_1)
  SDF **runs/RUN_2026-05-22_11-01-02/final/sdf/nom_tt_025C_1v80/shift_reg__nom_tt_025C_1v80.sdf(76): (INTERCONNECT (non src-dst port) S MIPD set to 0 (in tb_shift_reg.u_dut._16_ type sky130_fd_sc_hd__mux2_1)
  SDF **runs/RUN_2026-05-22_11-01-02/final/sdf/nom_tt_025C_1v80/shift_reg__nom_tt_025C_1v80.sdf(77): (INTERCONNECT (non src-dst port) S MIPD set to 0 (in tb_shift_reg.u_dut._18_ type sky130_fd_sc_hd__mux2_1)
  SDF **runs/RUN_2026-05-22_11-01-02/final/sdf/nom_tt_025C_1v80/shift_reg__nom_tt_025C_1v80.sdf(78): (INTERCONNECT (non src-dst port) S MIPD set to 0 (in tb_shift_reg.u_dut._20_ type sky130_fd_sc_hd__mux2_1)
  SDF **runs/RUN_2026-05-22_11-01-02/final/sdf/nom_tt_025C_1v80/shift_reg__nom_tt_025C_1v80.sdf(79): (INTERCONNECT (non src-dst port) S MIPD set to 0 (in tb_shift_reg.u_dut._22_ type sky130_fd_sc_hd__mux2_1)
  SDF **runs/RUN_2026-05-22_11-01-02/final/sdf/nom_tt_025C_1v80/shift_reg__nom_tt_025C_1v80.sdf(80): (INTERCONNECT (non src-dst port) S MIPD set to 0 (in tb_shift_reg.u_dut._24_ type sky130_fd_sc_hd__mux2_1)
  SDF **runs/RUN_2026-05-22_11-01-02/final/sdf/nom_tt_025C_1v80/shift_reg__nom_tt_025C_1v80.sdf(81): (INTERCONNECT (non src-dst port) S MIPD set to 0 (in tb_shift_reg.u_dut._26_ type sky130_fd_sc_hd__mux2_1)
  SDF **runs/RUN_2026-05-22_11-01-02/final/sdf/nom_tt_025C_1v80/shift_reg__nom_tt_025C_1v80.sdf(82): (INTERCONNECT (non src-dst port) S MIPD set to 0 (in tb_shift_reg.u_dut._28_ type sky130_fd_sc_hd__mux2_1)
  SDF **runs/RUN_2026-05-22_11-01-02/final/sdf/nom_tt_025C_1v80/shift_reg__nom_tt_025C_1v80.sdf(83): (INTERCONNECT (non src-dst port) S MIPD set to 0 (in tb_shift_reg.u_dut._30_ type sky130_fd_sc_hd__mux2_1)
  SDF **runs/RUN_2026-05-22_11-01-02/final/sdf/nom_tt_025C_1v80/shift_reg__nom_tt_025C_1v80.sdf(84): (INTERCONNECT (non src-dst port) A_N MIPD set to 0 (in tb_shift_reg.u_dut._17_ type sky130_fd_sc_hd__and2b_2)
  SDF **runs/RUN_2026-05-22_11-01-02/final/sdf/nom_tt_025C_1v80/shift_reg__nom_tt_025C_1v80.sdf(85): (INTERCONNECT (non src-dst port) A_N MIPD set to 0 (in tb_shift_reg.u_dut._19_ type sky130_fd_sc_hd__and2b_2)
  SDF **runs/RUN_2026-05-22_11-01-02/final/sdf/nom_tt_025C_1v80/shift_reg__nom_tt_025C_1v80.sdf(86): (INTERCONNECT (non src-dst port) A_N MIPD set to 0 (in tb_shift_reg.u_dut._21_ type sky130_fd_sc_hd__and2b_2)
  SDF **runs/RUN_2026-05-22_11-01-02/final/sdf/nom_tt_025C_1v80/shift_reg__nom_tt_025C_1v80.sdf(87): (INTERCONNECT (non src-dst port) A_N MIPD set to 0 (in tb_shift_reg.u_dut._23_ type sky130_fd_sc_hd__and2b_2)
  SDF **runs/RUN_2026-05-22_11-01-02/final/sdf/nom_tt_025C_1v80/shift_reg__nom_tt_025C_1v80.sdf(88): (INTERCONNECT (non src-dst port) A_N MIPD set to 0 (in tb_shift_reg.u_dut._25_ type sky130_fd_sc_hd__and2b_2)
  SDF **runs/RUN_2026-05-22_11-01-02/final/sdf/nom_tt_025C_1v80/shift_reg__nom_tt_025C_1v80.sdf(89): (INTERCONNECT (non src-dst port) A_N MIPD set to 0 (in tb_shift_reg.u_dut._27_ type sky130_fd_sc_hd__and2b_2)
  SDF **runs/RUN_2026-05-22_11-01-02/final/sdf/nom_tt_025C_1v80/shift_reg__nom_tt_025C_1v80.sdf(90): (INTERCONNECT (non src-dst port) A_N MIPD set to 0 (in tb_shift_reg.u_dut._29_ type sky130_fd_sc_hd__and2b_2)
  SDF **runs/RUN_2026-05-22_11-01-02/final/sdf/nom_tt_025C_1v80/shift_reg__nom_tt_025C_1v80.sdf(91): (INTERCONNECT (non src-dst port) A_N MIPD set to 0 (in tb_shift_reg.u_dut._31_ type sky130_fd_sc_hd__and2b_2)
  SDF **runs/RUN_2026-05-22_11-01-02/final/sdf/nom_tt_025C_1v80/shift_reg__nom_tt_025C_1v80.sdf(92): (DEVICE buf buf1 delay set to (0) in tb_shift_reg.u_dut.output10(shift_reg) at **/home/carsacc/.ciel/sky130A/libs.ref/sky130_fd_sc_hd/verilog/sky130_fd_sc_hd.v(39893)
  SDF **runs/RUN_2026-05-22_11-01-02/final/sdf/nom_tt_025C_1v80/shift_reg__nom_tt_025C_1v80.sdf(93): (DEVICE buf buf1 delay set to (0) in tb_shift_reg.u_dut.output11(shift_reg) at **/home/carsacc/.ciel/sky130A/libs.ref/sky130_fd_sc_hd/verilog/sky130_fd_sc_hd.v(39893)
  SDF **runs/RUN_2026-05-22_11-01-02/final/sdf/nom_tt_025C_1v80/shift_reg__nom_tt_025C_1v80.sdf(94): (DEVICE buf buf1 delay set to (0) in tb_shift_reg.u_dut.output4(shift_reg) at **/home/carsacc/.ciel/sky130A/libs.ref/sky130_fd_sc_hd/verilog/sky130_fd_sc_hd.v(39893)
  SDF **runs/RUN_2026-05-22_11-01-02/final/sdf/nom_tt_025C_1v80/shift_reg__nom_tt_025C_1v80.sdf(95): (DEVICE buf buf1 delay set to (0) in tb_shift_reg.u_dut.output5(shift_reg) at **/home/carsacc/.ciel/sky130A/libs.ref/sky130_fd_sc_hd/verilog/sky130_fd_sc_hd.v(39893)
  SDF **runs/RUN_2026-05-22_11-01-02/final/sdf/nom_tt_025C_1v80/shift_reg__nom_tt_025C_1v80.sdf(96): (DEVICE buf buf1 delay set to (0) in tb_shift_reg.u_dut.output6(shift_reg) at **/home/carsacc/.ciel/sky130A/libs.ref/sky130_fd_sc_hd/verilog/sky130_fd_sc_hd.v(39893)
  SDF **runs/RUN_2026-05-22_11-01-02/final/sdf/nom_tt_025C_1v80/shift_reg__nom_tt_025C_1v80.sdf(97): (DEVICE buf buf1 delay set to (0) in tb_shift_reg.u_dut.output7(shift_reg) at **/home/carsacc/.ciel/sky130A/libs.ref/sky130_fd_sc_hd/verilog/sky130_fd_sc_hd.v(39893)
  SDF **runs/RUN_2026-05-22_11-01-02/final/sdf/nom_tt_025C_1v80/shift_reg__nom_tt_025C_1v80.sdf(98): (DEVICE buf buf1 delay set to (0) in tb_shift_reg.u_dut.output8(shift_reg) at **/home/carsacc/.ciel/sky130A/libs.ref/sky130_fd_sc_hd/verilog/sky130_fd_sc_hd.v(39893)
  SDF **runs/RUN_2026-05-22_11-01-02/final/sdf/nom_tt_025C_1v80/shift_reg__nom_tt_025C_1v80.sdf(99): (DEVICE buf buf1 delay set to (0) in tb_shift_reg.u_dut.output9(shift_reg) at **/home/carsacc/.ciel/sky130A/libs.ref/sky130_fd_sc_hd/verilog/sky130_fd_sc_hd.v(39893)
**runs/RUN_2026-05-22_11-01-02/final/sdf/nom_tt_025C_1v80/shift_reg__nom_tt_025C_1v80.sdf(108) ERROR** [1387] unable to match (IOPATH in type sky130_fd_sc_hd__mux2_1 - no specify section
**runs/RUN_2026-05-22_11-01-02/final/sdf/nom_tt_025C_1v80/shift_reg__nom_tt_025C_1v80.sdf(109) ERROR** [1387] unable to match (IOPATH in type sky130_fd_sc_hd__mux2_1 - no specify section
**runs/RUN_2026-05-22_11-01-02/final/sdf/nom_tt_025C_1v80/shift_reg__nom_tt_025C_1v80.sdf(110) ERROR** [1387] unable to match (IOPATH in type sky130_fd_sc_hd__mux2_1 - no specify section
**runs/RUN_2026-05-22_11-01-02/final/sdf/nom_tt_025C_1v80/shift_reg__nom_tt_025C_1v80.sdf(111) ERROR** [1387] unable to match (IOPATH in type sky130_fd_sc_hd__mux2_1 - no specify section
**runs/RUN_2026-05-22_11-01-02/final/sdf/nom_tt_025C_1v80/shift_reg__nom_tt_025C_1v80.sdf(120) ERROR** [1387] unable to match (IOPATH in type sky130_fd_sc_hd__and2b_2 - no specify section
**runs/RUN_2026-05-22_11-01-02/final/sdf/nom_tt_025C_1v80/shift_reg__nom_tt_025C_1v80.sdf(121) ERROR** [1387] unable to match (IOPATH in type sky130_fd_sc_hd__and2b_2 - no specify section
**runs/RUN_2026-05-22_11-01-02/final/sdf/nom_tt_025C_1v80/shift_reg__nom_tt_025C_1v80.sdf(130) ERROR** [1387] unable to match (IOPATH in type sky130_fd_sc_hd__mux2_1 - no specify section
**runs/RUN_2026-05-22_11-01-02/final/sdf/nom_tt_025C_1v80/shift_reg__nom_tt_025C_1v80.sdf(131) ERROR** [1387] unable to match (IOPATH in type sky130_fd_sc_hd__mux2_1 - no specify section
**runs/RUN_2026-05-22_11-01-02/final/sdf/nom_tt_025C_1v80/shift_reg__nom_tt_025C_1v80.sdf(132) ERROR** [1387] unable to match (IOPATH in type sky130_fd_sc_hd__mux2_1 - no specify section
**runs/RUN_2026-05-22_11-01-02/final/sdf/nom_tt_025C_1v80/shift_reg__nom_tt_025C_1v80.sdf(133) ERROR** [1387] unable to match (IOPATH in type sky130_fd_sc_hd__mux2_1 - no specify section
**runs/RUN_2026-05-22_11-01-02/final/sdf/nom_tt_025C_1v80/shift_reg__nom_tt_025C_1v80.sdf(142) ERROR** [1387] unable to match (IOPATH in type sky130_fd_sc_hd__and2b_2 - no specify section
**runs/RUN_2026-05-22_11-01-02/final/sdf/nom_tt_025C_1v80/shift_reg__nom_tt_025C_1v80.sdf(143) ERROR** [1387] unable to match (IOPATH in type sky130_fd_sc_hd__and2b_2 - no specify section
**runs/RUN_2026-05-22_11-01-02/final/sdf/nom_tt_025C_1v80/shift_reg__nom_tt_025C_1v80.sdf(152) ERROR** [1387] unable to match (IOPATH in type sky130_fd_sc_hd__mux2_1 - no specify section
**runs/RUN_2026-05-22_11-01-02/final/sdf/nom_tt_025C_1v80/shift_reg__nom_tt_025C_1v80.sdf(153) ERROR** [1387] unable to match (IOPATH in type sky130_fd_sc_hd__mux2_1 - no specify section
**runs/RUN_2026-05-22_11-01-02/final/sdf/nom_tt_025C_1v80/shift_reg__nom_tt_025C_1v80.sdf(154) ERROR** [1387] unable to match (IOPATH in type sky130_fd_sc_hd__mux2_1 - no specify section
**runs/RUN_2026-05-22_11-01-02/final/sdf/nom_tt_025C_1v80/shift_reg__nom_tt_025C_1v80.sdf(155) ERROR** [1387] unable to match (IOPATH in type sky130_fd_sc_hd__mux2_1 - no specify section
**runs/RUN_2026-05-22_11-01-02/final/sdf/nom_tt_025C_1v80/shift_reg__nom_tt_025C_1v80.sdf(164) ERROR** [1387] unable to match (IOPATH in type sky130_fd_sc_hd__and2b_2 - no specify section
**runs/RUN_2026-05-22_11-01-02/final/sdf/nom_tt_025C_1v80/shift_reg__nom_tt_025C_1v80.sdf(165) ERROR** [1387] unable to match (IOPATH in type sky130_fd_sc_hd__and2b_2 - no specify section
**runs/RUN_2026-05-22_11-01-02/final/sdf/nom_tt_025C_1v80/shift_reg__nom_tt_025C_1v80.sdf(174) ERROR** [1387] unable to match (IOPATH in type sky130_fd_sc_hd__mux2_1 - no specify section
**runs/RUN_2026-05-22_11-01-02/final/sdf/nom_tt_025C_1v80/shift_reg__nom_tt_025C_1v80.sdf(175) ERROR** [1387] unable to match (IOPATH in type sky130_fd_sc_hd__mux2_1 - no specify section
**runs/RUN_2026-05-22_11-01-02/final/sdf/nom_tt_025C_1v80/shift_reg__nom_tt_025C_1v80.sdf(176) ERROR** [1387] unable to match (IOPATH in type sky130_fd_sc_hd__mux2_1 - no specify section
**runs/RUN_2026-05-22_11-01-02/final/sdf/nom_tt_025C_1v80/shift_reg__nom_tt_025C_1v80.sdf(177) ERROR** [1387] unable to match (IOPATH in type sky130_fd_sc_hd__mux2_1 - no specify section
**runs/RUN_2026-05-22_11-01-02/final/sdf/nom_tt_025C_1v80/shift_reg__nom_tt_025C_1v80.sdf(186) ERROR** [1387] unable to match (IOPATH in type sky130_fd_sc_hd__and2b_2 - no specify section
**runs/RUN_2026-05-22_11-01-02/final/sdf/nom_tt_025C_1v80/shift_reg__nom_tt_025C_1v80.sdf(187) ERROR** [1387] unable to match (IOPATH in type sky130_fd_sc_hd__and2b_2 - no specify section
**runs/RUN_2026-05-22_11-01-02/final/sdf/nom_tt_025C_1v80/shift_reg__nom_tt_025C_1v80.sdf(196) ERROR** [1387] unable to match (IOPATH in type sky130_fd_sc_hd__mux2_1 - no specify section
**runs/RUN_2026-05-22_11-01-02/final/sdf/nom_tt_025C_1v80/shift_reg__nom_tt_025C_1v80.sdf(197) ERROR** [1387] unable to match (IOPATH in type sky130_fd_sc_hd__mux2_1 - no specify section
**runs/RUN_2026-05-22_11-01-02/final/sdf/nom_tt_025C_1v80/shift_reg__nom_tt_025C_1v80.sdf(198) ERROR** [1387] unable to match (IOPATH in type sky130_fd_sc_hd__mux2_1 - no specify section
**runs/RUN_2026-05-22_11-01-02/final/sdf/nom_tt_025C_1v80/shift_reg__nom_tt_025C_1v80.sdf(199) ERROR** [1387] unable to match (IOPATH in type sky130_fd_sc_hd__mux2_1 - no specify section
**runs/RUN_2026-05-22_11-01-02/final/sdf/nom_tt_025C_1v80/shift_reg__nom_tt_025C_1v80.sdf(208) ERROR** [1387] unable to match (IOPATH in type sky130_fd_sc_hd__and2b_2 - no specify section
**runs/RUN_2026-05-22_11-01-02/final/sdf/nom_tt_025C_1v80/shift_reg__nom_tt_025C_1v80.sdf(209) ERROR** [1387] unable to match (IOPATH in type sky130_fd_sc_hd__and2b_2 - no specify section
**runs/RUN_2026-05-22_11-01-02/final/sdf/nom_tt_025C_1v80/shift_reg__nom_tt_025C_1v80.sdf(218) ERROR** [1387] unable to match (IOPATH in type sky130_fd_sc_hd__mux2_1 - no specify section
**runs/RUN_2026-05-22_11-01-02/final/sdf/nom_tt_025C_1v80/shift_reg__nom_tt_025C_1v80.sdf(219) ERROR** [1387] unable to match (IOPATH in type sky130_fd_sc_hd__mux2_1 - no specify section
**runs/RUN_2026-05-22_11-01-02/final/sdf/nom_tt_025C_1v80/shift_reg__nom_tt_025C_1v80.sdf(220) ERROR** [1387] unable to match (IOPATH in type sky130_fd_sc_hd__mux2_1 - no specify section
**runs/RUN_2026-05-22_11-01-02/final/sdf/nom_tt_025C_1v80/shift_reg__nom_tt_025C_1v80.sdf(221) ERROR** [1387] unable to match (IOPATH in type sky130_fd_sc_hd__mux2_1 - no specify section
**runs/RUN_2026-05-22_11-01-02/final/sdf/nom_tt_025C_1v80/shift_reg__nom_tt_025C_1v80.sdf(230) ERROR** [1387] unable to match (IOPATH in type sky130_fd_sc_hd__and2b_2 - no specify section
**runs/RUN_2026-05-22_11-01-02/final/sdf/nom_tt_025C_1v80/shift_reg__nom_tt_025C_1v80.sdf(231) ERROR** [1387] unable to match (IOPATH in type sky130_fd_sc_hd__and2b_2 - no specify section
**runs/RUN_2026-05-22_11-01-02/final/sdf/nom_tt_025C_1v80/shift_reg__nom_tt_025C_1v80.sdf(240) ERROR** [1387] unable to match (IOPATH in type sky130_fd_sc_hd__mux2_1 - no specify section
**runs/RUN_2026-05-22_11-01-02/final/sdf/nom_tt_025C_1v80/shift_reg__nom_tt_025C_1v80.sdf(241) ERROR** [1387] unable to match (IOPATH in type sky130_fd_sc_hd__mux2_1 - no specify section
**runs/RUN_2026-05-22_11-01-02/final/sdf/nom_tt_025C_1v80/shift_reg__nom_tt_025C_1v80.sdf(242) ERROR** [1387] unable to match (IOPATH in type sky130_fd_sc_hd__mux2_1 - no specify section
**runs/RUN_2026-05-22_11-01-02/final/sdf/nom_tt_025C_1v80/shift_reg__nom_tt_025C_1v80.sdf(243) ERROR** [1387] unable to match (IOPATH in type sky130_fd_sc_hd__mux2_1 - no specify section
**runs/RUN_2026-05-22_11-01-02/final/sdf/nom_tt_025C_1v80/shift_reg__nom_tt_025C_1v80.sdf(252) ERROR** [1387] unable to match (IOPATH in type sky130_fd_sc_hd__and2b_2 - no specify section
**runs/RUN_2026-05-22_11-01-02/final/sdf/nom_tt_025C_1v80/shift_reg__nom_tt_025C_1v80.sdf(253) ERROR** [1387] unable to match (IOPATH in type sky130_fd_sc_hd__and2b_2 - no specify section
**runs/RUN_2026-05-22_11-01-02/final/sdf/nom_tt_025C_1v80/shift_reg__nom_tt_025C_1v80.sdf(262) ERROR** [1387] unable to match (IOPATH in type sky130_fd_sc_hd__mux2_1 - no specify section
**runs/RUN_2026-05-22_11-01-02/final/sdf/nom_tt_025C_1v80/shift_reg__nom_tt_025C_1v80.sdf(263) ERROR** [1387] unable to match (IOPATH in type sky130_fd_sc_hd__mux2_1 - no specify section
**runs/RUN_2026-05-22_11-01-02/final/sdf/nom_tt_025C_1v80/shift_reg__nom_tt_025C_1v80.sdf(264) ERROR** [1387] unable to match (IOPATH in type sky130_fd_sc_hd__mux2_1 - no specify section
**runs/RUN_2026-05-22_11-01-02/final/sdf/nom_tt_025C_1v80/shift_reg__nom_tt_025C_1v80.sdf(265) ERROR** [1387] unable to match (IOPATH in type sky130_fd_sc_hd__mux2_1 - no specify section
**runs/RUN_2026-05-22_11-01-02/final/sdf/nom_tt_025C_1v80/shift_reg__nom_tt_025C_1v80.sdf(274) ERROR** [1387] unable to match (IOPATH in type sky130_fd_sc_hd__and2b_2 - no specify section
**runs/RUN_2026-05-22_11-01-02/final/sdf/nom_tt_025C_1v80/shift_reg__nom_tt_025C_1v80.sdf(275) ERROR** [1387] unable to match (IOPATH in type sky130_fd_sc_hd__and2b_2 - no specify section
**runs/RUN_2026-05-22_11-01-02/final/sdf/nom_tt_025C_1v80/shift_reg__nom_tt_025C_1v80.sdf(284) ERROR** [1387] unable to match (IOPATH in type sky130_fd_sc_hd__dfxtp_2 - no specify section
**runs/RUN_2026-05-22_11-01-02/final/sdf/nom_tt_025C_1v80/shift_reg__nom_tt_025C_1v80.sdf(288) ERROR** [1396] unable to match (TIMINGCHECK (HOLD in type sky130_fd_sc_hd__dfxtp_2 - no specify section
**runs/RUN_2026-05-22_11-01-02/final/sdf/nom_tt_025C_1v80/shift_reg__nom_tt_025C_1v80.sdf(288) ERROR** [1396] unable to match (TIMINGCHECK (HOLD in type sky130_fd_sc_hd__dfxtp_2 - no specify section
**runs/RUN_2026-05-22_11-01-02/final/sdf/nom_tt_025C_1v80/shift_reg__nom_tt_025C_1v80.sdf(288) ERROR** [1391] no module sky130_fd_sc_hd__dfxtp_2 timing check matches SDF (TIMINGCHECK (HOLD) - also tried matching $setuphold in Verilog source
**runs/RUN_2026-05-22_11-01-02/final/sdf/nom_tt_025C_1v80/shift_reg__nom_tt_025C_1v80.sdf(289) ERROR** [1396] unable to match (TIMINGCHECK (HOLD in type sky130_fd_sc_hd__dfxtp_2 - no specify section
**runs/RUN_2026-05-22_11-01-02/final/sdf/nom_tt_025C_1v80/shift_reg__nom_tt_025C_1v80.sdf(289) ERROR** [1396] unable to match (TIMINGCHECK (HOLD in type sky130_fd_sc_hd__dfxtp_2 - no specify section
**runs/RUN_2026-05-22_11-01-02/final/sdf/nom_tt_025C_1v80/shift_reg__nom_tt_025C_1v80.sdf(289) ERROR** [1391] no module sky130_fd_sc_hd__dfxtp_2 timing check matches SDF (TIMINGCHECK (HOLD) - also tried matching $setuphold in Verilog source
**runs/RUN_2026-05-22_11-01-02/final/sdf/nom_tt_025C_1v80/shift_reg__nom_tt_025C_1v80.sdf(290) ERROR** [1396] unable to match (TIMINGCHECK (SETUP in type sky130_fd_sc_hd__dfxtp_2 - no specify section
**runs/RUN_2026-05-22_11-01-02/final/sdf/nom_tt_025C_1v80/shift_reg__nom_tt_025C_1v80.sdf(290) ERROR** [1396] unable to match (TIMINGCHECK (SETUP in type sky130_fd_sc_hd__dfxtp_2 - no specify section
**runs/RUN_2026-05-22_11-01-02/final/sdf/nom_tt_025C_1v80/shift_reg__nom_tt_025C_1v80.sdf(290) ERROR** [1391] no module sky130_fd_sc_hd__dfxtp_2 timing check matches SDF (TIMINGCHECK (SETUP) - also tried matching $setuphold in Verilog source
**runs/RUN_2026-05-22_11-01-02/final/sdf/nom_tt_025C_1v80/shift_reg__nom_tt_025C_1v80.sdf(291) ERROR** [1396] unable to match (TIMINGCHECK (SETUP in type sky130_fd_sc_hd__dfxtp_2 - no specify section
**runs/RUN_2026-05-22_11-01-02/final/sdf/nom_tt_025C_1v80/shift_reg__nom_tt_025C_1v80.sdf(291) ERROR** [1396] unable to match (TIMINGCHECK (SETUP in type sky130_fd_sc_hd__dfxtp_2 - no specify section
**runs/RUN_2026-05-22_11-01-02/final/sdf/nom_tt_025C_1v80/shift_reg__nom_tt_025C_1v80.sdf(291) ERROR** [1391] no module sky130_fd_sc_hd__dfxtp_2 timing check matches SDF (TIMINGCHECK (SETUP) - also tried matching $setuphold in Verilog source
**runs/RUN_2026-05-22_11-01-02/final/sdf/nom_tt_025C_1v80/shift_reg__nom_tt_025C_1v80.sdf(292) ERROR** [1396] unable to match (TIMINGCHECK (WIDTH in type sky130_fd_sc_hd__dfxtp_2 - no specify section
**runs/RUN_2026-05-22_11-01-02/final/sdf/nom_tt_025C_1v80/shift_reg__nom_tt_025C_1v80.sdf(293) ERROR** [1396] unable to match (TIMINGCHECK (WIDTH in type sky130_fd_sc_hd__dfxtp_2 - no specify section
**runs/RUN_2026-05-22_11-01-02/final/sdf/nom_tt_025C_1v80/shift_reg__nom_tt_025C_1v80.sdf(301) ERROR** [1387] unable to match (IOPATH in type sky130_fd_sc_hd__dfxtp_2 - no specify section
**runs/RUN_2026-05-22_11-01-02/final/sdf/nom_tt_025C_1v80/shift_reg__nom_tt_025C_1v80.sdf(305) ERROR** [1396] unable to match (TIMINGCHECK (HOLD in type sky130_fd_sc_hd__dfxtp_2 - no specify section
**runs/RUN_2026-05-22_11-01-02/final/sdf/nom_tt_025C_1v80/shift_reg__nom_tt_025C_1v80.sdf(305) ERROR** [1396] unable to match (TIMINGCHECK (HOLD in type sky130_fd_sc_hd__dfxtp_2 - no specify section
**runs/RUN_2026-05-22_11-01-02/final/sdf/nom_tt_025C_1v80/shift_reg__nom_tt_025C_1v80.sdf(305) ERROR** [1391] no module sky130_fd_sc_hd__dfxtp_2 timing check matches SDF (TIMINGCHECK (HOLD) - also tried matching $setuphold in Verilog source
**runs/RUN_2026-05-22_11-01-02/final/sdf/nom_tt_025C_1v80/shift_reg__nom_tt_025C_1v80.sdf(306) ERROR** [1396] unable to match (TIMINGCHECK (HOLD in type sky130_fd_sc_hd__dfxtp_2 - no specify section
**runs/RUN_2026-05-22_11-01-02/final/sdf/nom_tt_025C_1v80/shift_reg__nom_tt_025C_1v80.sdf(306) ERROR** [1396] unable to match (TIMINGCHECK (HOLD in type sky130_fd_sc_hd__dfxtp_2 - no specify section
**runs/RUN_2026-05-22_11-01-02/final/sdf/nom_tt_025C_1v80/shift_reg__nom_tt_025C_1v80.sdf(306) ERROR** [1391] no module sky130_fd_sc_hd__dfxtp_2 timing check matches SDF (TIMINGCHECK (HOLD) - also tried matching $setuphold in Verilog source
**runs/RUN_2026-05-22_11-01-02/final/sdf/nom_tt_025C_1v80/shift_reg__nom_tt_025C_1v80.sdf(307) ERROR** [1396] unable to match (TIMINGCHECK (SETUP in type sky130_fd_sc_hd__dfxtp_2 - no specify section
**runs/RUN_2026-05-22_11-01-02/final/sdf/nom_tt_025C_1v80/shift_reg__nom_tt_025C_1v80.sdf(307) ERROR** [1396] unable to match (TIMINGCHECK (SETUP in type sky130_fd_sc_hd__dfxtp_2 - no specify section
**runs/RUN_2026-05-22_11-01-02/final/sdf/nom_tt_025C_1v80/shift_reg__nom_tt_025C_1v80.sdf(307) ERROR** [1391] no module sky130_fd_sc_hd__dfxtp_2 timing check matches SDF (TIMINGCHECK (SETUP) - also tried matching $setuphold in Verilog source
**runs/RUN_2026-05-22_11-01-02/final/sdf/nom_tt_025C_1v80/shift_reg__nom_tt_025C_1v80.sdf(308) ERROR** [1396] unable to match (TIMINGCHECK (SETUP in type sky130_fd_sc_hd__dfxtp_2 - no specify section
**runs/RUN_2026-05-22_11-01-02/final/sdf/nom_tt_025C_1v80/shift_reg__nom_tt_025C_1v80.sdf(308) ERROR** [1396] unable to match (TIMINGCHECK (SETUP in type sky130_fd_sc_hd__dfxtp_2 - no specify section
**runs/RUN_2026-05-22_11-01-02/final/sdf/nom_tt_025C_1v80/shift_reg__nom_tt_025C_1v80.sdf(308) ERROR** [1391] no module sky130_fd_sc_hd__dfxtp_2 timing check matches SDF (TIMINGCHECK (SETUP) - also tried matching $setuphold in Verilog source
**runs/RUN_2026-05-22_11-01-02/final/sdf/nom_tt_025C_1v80/shift_reg__nom_tt_025C_1v80.sdf(309) ERROR** [1396] unable to match (TIMINGCHECK (WIDTH in type sky130_fd_sc_hd__dfxtp_2 - no specify section
**runs/RUN_2026-05-22_11-01-02/final/sdf/nom_tt_025C_1v80/shift_reg__nom_tt_025C_1v80.sdf(310) ERROR** [1396] unable to match (TIMINGCHECK (WIDTH in type sky130_fd_sc_hd__dfxtp_2 - no specify section
**runs/RUN_2026-05-22_11-01-02/final/sdf/nom_tt_025C_1v80/shift_reg__nom_tt_025C_1v80.sdf(318) ERROR** [1387] unable to match (IOPATH in type sky130_fd_sc_hd__dfxtp_2 - no specify section
**runs/RUN_2026-05-22_11-01-02/final/sdf/nom_tt_025C_1v80/shift_reg__nom_tt_025C_1v80.sdf(322) ERROR** [1396] unable to match (TIMINGCHECK (HOLD in type sky130_fd_sc_hd__dfxtp_2 - no specify section
**runs/RUN_2026-05-22_11-01-02/final/sdf/nom_tt_025C_1v80/shift_reg__nom_tt_025C_1v80.sdf(322) ERROR** [1396] unable to match (TIMINGCHECK (HOLD in type sky130_fd_sc_hd__dfxtp_2 - no specify section
**runs/RUN_2026-05-22_11-01-02/final/sdf/nom_tt_025C_1v80/shift_reg__nom_tt_025C_1v80.sdf(322) ERROR** [1391] no module sky130_fd_sc_hd__dfxtp_2 timing check matches SDF (TIMINGCHECK (HOLD) - also tried matching $setuphold in Verilog source
**runs/RUN_2026-05-22_11-01-02/final/sdf/nom_tt_025C_1v80/shift_reg__nom_tt_025C_1v80.sdf(323) ERROR** [1396] unable to match (TIMINGCHECK (HOLD in type sky130_fd_sc_hd__dfxtp_2 - no specify section
**runs/RUN_2026-05-22_11-01-02/final/sdf/nom_tt_025C_1v80/shift_reg__nom_tt_025C_1v80.sdf(323) ERROR** [1396] unable to match (TIMINGCHECK (HOLD in type sky130_fd_sc_hd__dfxtp_2 - no specify section
**runs/RUN_2026-05-22_11-01-02/final/sdf/nom_tt_025C_1v80/shift_reg__nom_tt_025C_1v80.sdf(323) ERROR** [1391] no module sky130_fd_sc_hd__dfxtp_2 timing check matches SDF (TIMINGCHECK (HOLD) - also tried matching $setuphold in Verilog source
**runs/RUN_2026-05-22_11-01-02/final/sdf/nom_tt_025C_1v80/shift_reg__nom_tt_025C_1v80.sdf(324) ERROR** [1396] unable to match (TIMINGCHECK (SETUP in type sky130_fd_sc_hd__dfxtp_2 - no specify section
**runs/RUN_2026-05-22_11-01-02/final/sdf/nom_tt_025C_1v80/shift_reg__nom_tt_025C_1v80.sdf(324) ERROR** [1396] unable to match (TIMINGCHECK (SETUP in type sky130_fd_sc_hd__dfxtp_2 - no specify section
**runs/RUN_2026-05-22_11-01-02/final/sdf/nom_tt_025C_1v80/shift_reg__nom_tt_025C_1v80.sdf(324) ERROR** [1391] no module sky130_fd_sc_hd__dfxtp_2 timing check matches SDF (TIMINGCHECK (SETUP) - also tried matching $setuphold in Verilog source
**runs/RUN_2026-05-22_11-01-02/final/sdf/nom_tt_025C_1v80/shift_reg__nom_tt_025C_1v80.sdf(325) ERROR** [1396] unable to match (TIMINGCHECK (SETUP in type sky130_fd_sc_hd__dfxtp_2 - no specify section
**runs/RUN_2026-05-22_11-01-02/final/sdf/nom_tt_025C_1v80/shift_reg__nom_tt_025C_1v80.sdf(325) ERROR** [1396] unable to match (TIMINGCHECK (SETUP in type sky130_fd_sc_hd__dfxtp_2 - no specify section
**runs/RUN_2026-05-22_11-01-02/final/sdf/nom_tt_025C_1v80/shift_reg__nom_tt_025C_1v80.sdf(325) ERROR** [1391] no module sky130_fd_sc_hd__dfxtp_2 timing check matches SDF (TIMINGCHECK (SETUP) - also tried matching $setuphold in Verilog source
**runs/RUN_2026-05-22_11-01-02/final/sdf/nom_tt_025C_1v80/shift_reg__nom_tt_025C_1v80.sdf(326) ERROR** [1396] unable to match (TIMINGCHECK (WIDTH in type sky130_fd_sc_hd__dfxtp_2 - no specify section
**runs/RUN_2026-05-22_11-01-02/final/sdf/nom_tt_025C_1v80/shift_reg__nom_tt_025C_1v80.sdf(327) ERROR** [1396] unable to match (TIMINGCHECK (WIDTH in type sky130_fd_sc_hd__dfxtp_2 - no specify section
**runs/RUN_2026-05-22_11-01-02/final/sdf/nom_tt_025C_1v80/shift_reg__nom_tt_025C_1v80.sdf(335) ERROR** [1387] unable to match (IOPATH in type sky130_fd_sc_hd__dfxtp_2 - no specify section
**runs/RUN_2026-05-22_11-01-02/final/sdf/nom_tt_025C_1v80/shift_reg__nom_tt_025C_1v80.sdf(339) ERROR** [1396] unable to match (TIMINGCHECK (HOLD in type sky130_fd_sc_hd__dfxtp_2 - no specify section
**runs/RUN_2026-05-22_11-01-02/final/sdf/nom_tt_025C_1v80/shift_reg__nom_tt_025C_1v80.sdf(339) ERROR** [1396] unable to match (TIMINGCHECK (HOLD in type sky130_fd_sc_hd__dfxtp_2 - no specify section
**runs/RUN_2026-05-22_11-01-02/final/sdf/nom_tt_025C_1v80/shift_reg__nom_tt_025C_1v80.sdf(339) ERROR** [1391] no module sky130_fd_sc_hd__dfxtp_2 timing check matches SDF (TIMINGCHECK (HOLD) - also tried matching $setuphold in Verilog source
**runs/RUN_2026-05-22_11-01-02/final/sdf/nom_tt_025C_1v80/shift_reg__nom_tt_025C_1v80.sdf(340) ERROR** [1396] unable to match (TIMINGCHECK (HOLD in type sky130_fd_sc_hd__dfxtp_2 - no specify section
**runs/RUN_2026-05-22_11-01-02/final/sdf/nom_tt_025C_1v80/shift_reg__nom_tt_025C_1v80.sdf(340) ERROR** [1396] unable to match (TIMINGCHECK (HOLD in type sky130_fd_sc_hd__dfxtp_2 - no specify section
**runs/RUN_2026-05-22_11-01-02/final/sdf/nom_tt_025C_1v80/shift_reg__nom_tt_025C_1v80.sdf(340) ERROR** [1391] no module sky130_fd_sc_hd__dfxtp_2 timing check matches SDF (TIMINGCHECK (HOLD) - also tried matching $setuphold in Verilog source
**runs/RUN_2026-05-22_11-01-02/final/sdf/nom_tt_025C_1v80/shift_reg__nom_tt_025C_1v80.sdf(341) ERROR** [1396] unable to match (TIMINGCHECK (SETUP in type sky130_fd_sc_hd__dfxtp_2 - no specify section
**runs/RUN_2026-05-22_11-01-02/final/sdf/nom_tt_025C_1v80/shift_reg__nom_tt_025C_1v80.sdf(341) ERROR** [1396] unable to match (TIMINGCHECK (SETUP in type sky130_fd_sc_hd__dfxtp_2 - no specify section
**runs/RUN_2026-05-22_11-01-02/final/sdf/nom_tt_025C_1v80/shift_reg__nom_tt_025C_1v80.sdf(341) ERROR** [1391] no module sky130_fd_sc_hd__dfxtp_2 timing check matches SDF (TIMINGCHECK (SETUP) - also tried matching $setuphold in Verilog source
**runs/RUN_2026-05-22_11-01-02/final/sdf/nom_tt_025C_1v80/shift_reg__nom_tt_025C_1v80.sdf(342) ERROR** [1396] unable to match (TIMINGCHECK (SETUP in type sky130_fd_sc_hd__dfxtp_2 - no specify section
**runs/RUN_2026-05-22_11-01-02/final/sdf/nom_tt_025C_1v80/shift_reg__nom_tt_025C_1v80.sdf(342) ERROR** [1396] unable to match (TIMINGCHECK (SETUP in type sky130_fd_sc_hd__dfxtp_2 - no specify section
**runs/RUN_2026-05-22_11-01-02/final/sdf/nom_tt_025C_1v80/shift_reg__nom_tt_025C_1v80.sdf(342) ERROR** [1391] no module sky130_fd_sc_hd__dfxtp_2 timing check matches SDF (TIMINGCHECK (SETUP) - also tried matching $setuphold in Verilog source
**runs/RUN_2026-05-22_11-01-02/final/sdf/nom_tt_025C_1v80/shift_reg__nom_tt_025C_1v80.sdf(343) ERROR** [1396] unable to match (TIMINGCHECK (WIDTH in type sky130_fd_sc_hd__dfxtp_2 - no specify section
**runs/RUN_2026-05-22_11-01-02/final/sdf/nom_tt_025C_1v80/shift_reg__nom_tt_025C_1v80.sdf(344) ERROR** [1396] unable to match (TIMINGCHECK (WIDTH in type sky130_fd_sc_hd__dfxtp_2 - no specify section
**runs/RUN_2026-05-22_11-01-02/final/sdf/nom_tt_025C_1v80/shift_reg__nom_tt_025C_1v80.sdf(352) ERROR** [1387] unable to match (IOPATH in type sky130_fd_sc_hd__dfxtp_2 - no specify section
**runs/RUN_2026-05-22_11-01-02/final/sdf/nom_tt_025C_1v80/shift_reg__nom_tt_025C_1v80.sdf(356) ERROR** [1396] unable to match (TIMINGCHECK (HOLD in type sky130_fd_sc_hd__dfxtp_2 - no specify section
**runs/RUN_2026-05-22_11-01-02/final/sdf/nom_tt_025C_1v80/shift_reg__nom_tt_025C_1v80.sdf(356) ERROR** [1396] unable to match (TIMINGCHECK (HOLD in type sky130_fd_sc_hd__dfxtp_2 - no specify section
**runs/RUN_2026-05-22_11-01-02/final/sdf/nom_tt_025C_1v80/shift_reg__nom_tt_025C_1v80.sdf(356) ERROR** [1391] no module sky130_fd_sc_hd__dfxtp_2 timing check matches SDF (TIMINGCHECK (HOLD) - also tried matching $setuphold in Verilog source
**runs/RUN_2026-05-22_11-01-02/final/sdf/nom_tt_025C_1v80/shift_reg__nom_tt_025C_1v80.sdf(357) ERROR** [1396] unable to match (TIMINGCHECK (HOLD in type sky130_fd_sc_hd__dfxtp_2 - no specify section
**runs/RUN_2026-05-22_11-01-02/final/sdf/nom_tt_025C_1v80/shift_reg__nom_tt_025C_1v80.sdf(357) ERROR** [1396] unable to match (TIMINGCHECK (HOLD in type sky130_fd_sc_hd__dfxtp_2 - no specify section
**runs/RUN_2026-05-22_11-01-02/final/sdf/nom_tt_025C_1v80/shift_reg__nom_tt_025C_1v80.sdf(357) ERROR** [1391] no module sky130_fd_sc_hd__dfxtp_2 timing check matches SDF (TIMINGCHECK (HOLD) - also tried matching $setuphold in Verilog source
**runs/RUN_2026-05-22_11-01-02/final/sdf/nom_tt_025C_1v80/shift_reg__nom_tt_025C_1v80.sdf(358) ERROR** [1396] unable to match (TIMINGCHECK (SETUP in type sky130_fd_sc_hd__dfxtp_2 - no specify section
**runs/RUN_2026-05-22_11-01-02/final/sdf/nom_tt_025C_1v80/shift_reg__nom_tt_025C_1v80.sdf(358) ERROR** [1396] unable to match (TIMINGCHECK (SETUP in type sky130_fd_sc_hd__dfxtp_2 - no specify section
**runs/RUN_2026-05-22_11-01-02/final/sdf/nom_tt_025C_1v80/shift_reg__nom_tt_025C_1v80.sdf(358) ERROR** [1391] no module sky130_fd_sc_hd__dfxtp_2 timing check matches SDF (TIMINGCHECK (SETUP) - also tried matching $setuphold in Verilog source
**runs/RUN_2026-05-22_11-01-02/final/sdf/nom_tt_025C_1v80/shift_reg__nom_tt_025C_1v80.sdf(359) ERROR** [1396] unable to match (TIMINGCHECK (SETUP in type sky130_fd_sc_hd__dfxtp_2 - no specify section
**runs/RUN_2026-05-22_11-01-02/final/sdf/nom_tt_025C_1v80/shift_reg__nom_tt_025C_1v80.sdf(359) ERROR** [1396] unable to match (TIMINGCHECK (SETUP in type sky130_fd_sc_hd__dfxtp_2 - no specify section
**runs/RUN_2026-05-22_11-01-02/final/sdf/nom_tt_025C_1v80/shift_reg__nom_tt_025C_1v80.sdf(359) ERROR** [1391] no module sky130_fd_sc_hd__dfxtp_2 timing check matches SDF (TIMINGCHECK (SETUP) - also tried matching $setuphold in Verilog source
**runs/RUN_2026-05-22_11-01-02/final/sdf/nom_tt_025C_1v80/shift_reg__nom_tt_025C_1v80.sdf(360) ERROR** [1396] unable to match (TIMINGCHECK (WIDTH in type sky130_fd_sc_hd__dfxtp_2 - no specify section
**runs/RUN_2026-05-22_11-01-02/final/sdf/nom_tt_025C_1v80/shift_reg__nom_tt_025C_1v80.sdf(361) ERROR** [1396] unable to match (TIMINGCHECK (WIDTH in type sky130_fd_sc_hd__dfxtp_2 - no specify section
**runs/RUN_2026-05-22_11-01-02/final/sdf/nom_tt_025C_1v80/shift_reg__nom_tt_025C_1v80.sdf(369) ERROR** [1387] unable to match (IOPATH in type sky130_fd_sc_hd__dfxtp_2 - no specify section
**runs/RUN_2026-05-22_11-01-02/final/sdf/nom_tt_025C_1v80/shift_reg__nom_tt_025C_1v80.sdf(373) ERROR** [1396] unable to match (TIMINGCHECK (HOLD in type sky130_fd_sc_hd__dfxtp_2 - no specify section
**runs/RUN_2026-05-22_11-01-02/final/sdf/nom_tt_025C_1v80/shift_reg__nom_tt_025C_1v80.sdf(373) ERROR** [1396] unable to match (TIMINGCHECK (HOLD in type sky130_fd_sc_hd__dfxtp_2 - no specify section
**runs/RUN_2026-05-22_11-01-02/final/sdf/nom_tt_025C_1v80/shift_reg__nom_tt_025C_1v80.sdf(373) ERROR** [1391] no module sky130_fd_sc_hd__dfxtp_2 timing check matches SDF (TIMINGCHECK (HOLD) - also tried matching $setuphold in Verilog source
**runs/RUN_2026-05-22_11-01-02/final/sdf/nom_tt_025C_1v80/shift_reg__nom_tt_025C_1v80.sdf(374) ERROR** [1396] unable to match (TIMINGCHECK (HOLD in type sky130_fd_sc_hd__dfxtp_2 - no specify section
**runs/RUN_2026-05-22_11-01-02/final/sdf/nom_tt_025C_1v80/shift_reg__nom_tt_025C_1v80.sdf(374) ERROR** [1396] unable to match (TIMINGCHECK (HOLD in type sky130_fd_sc_hd__dfxtp_2 - no specify section
**runs/RUN_2026-05-22_11-01-02/final/sdf/nom_tt_025C_1v80/shift_reg__nom_tt_025C_1v80.sdf(374) ERROR** [1391] no module sky130_fd_sc_hd__dfxtp_2 timing check matches SDF (TIMINGCHECK (HOLD) - also tried matching $setuphold in Verilog source
**runs/RUN_2026-05-22_11-01-02/final/sdf/nom_tt_025C_1v80/shift_reg__nom_tt_025C_1v80.sdf(375) ERROR** [1396] unable to match (TIMINGCHECK (SETUP in type sky130_fd_sc_hd__dfxtp_2 - no specify section
**runs/RUN_2026-05-22_11-01-02/final/sdf/nom_tt_025C_1v80/shift_reg__nom_tt_025C_1v80.sdf(375) ERROR** [1396] unable to match (TIMINGCHECK (SETUP in type sky130_fd_sc_hd__dfxtp_2 - no specify section
**runs/RUN_2026-05-22_11-01-02/final/sdf/nom_tt_025C_1v80/shift_reg__nom_tt_025C_1v80.sdf(375) ERROR** [1391] no module sky130_fd_sc_hd__dfxtp_2 timing check matches SDF (TIMINGCHECK (SETUP) - also tried matching $setuphold in Verilog source
**runs/RUN_2026-05-22_11-01-02/final/sdf/nom_tt_025C_1v80/shift_reg__nom_tt_025C_1v80.sdf(376) ERROR** [1396] unable to match (TIMINGCHECK (SETUP in type sky130_fd_sc_hd__dfxtp_2 - no specify section
**runs/RUN_2026-05-22_11-01-02/final/sdf/nom_tt_025C_1v80/shift_reg__nom_tt_025C_1v80.sdf(376) ERROR** [1396] unable to match (TIMINGCHECK (SETUP in type sky130_fd_sc_hd__dfxtp_2 - no specify section
**runs/RUN_2026-05-22_11-01-02/final/sdf/nom_tt_025C_1v80/shift_reg__nom_tt_025C_1v80.sdf(376) ERROR** [1391] no module sky130_fd_sc_hd__dfxtp_2 timing check matches SDF (TIMINGCHECK (SETUP) - also tried matching $setuphold in Verilog source
**runs/RUN_2026-05-22_11-01-02/final/sdf/nom_tt_025C_1v80/shift_reg__nom_tt_025C_1v80.sdf(377) ERROR** [1396] unable to match (TIMINGCHECK (WIDTH in type sky130_fd_sc_hd__dfxtp_2 - no specify section
**runs/RUN_2026-05-22_11-01-02/final/sdf/nom_tt_025C_1v80/shift_reg__nom_tt_025C_1v80.sdf(378) ERROR** [1396] unable to match (TIMINGCHECK (WIDTH in type sky130_fd_sc_hd__dfxtp_2 - no specify section
**runs/RUN_2026-05-22_11-01-02/final/sdf/nom_tt_025C_1v80/shift_reg__nom_tt_025C_1v80.sdf(386) ERROR** [1387] unable to match (IOPATH in type sky130_fd_sc_hd__dfxtp_2 - no specify section
**runs/RUN_2026-05-22_11-01-02/final/sdf/nom_tt_025C_1v80/shift_reg__nom_tt_025C_1v80.sdf(390) ERROR** [1396] unable to match (TIMINGCHECK (HOLD in type sky130_fd_sc_hd__dfxtp_2 - no specify section
**runs/RUN_2026-05-22_11-01-02/final/sdf/nom_tt_025C_1v80/shift_reg__nom_tt_025C_1v80.sdf(390) ERROR** [1396] unable to match (TIMINGCHECK (HOLD in type sky130_fd_sc_hd__dfxtp_2 - no specify section
**runs/RUN_2026-05-22_11-01-02/final/sdf/nom_tt_025C_1v80/shift_reg__nom_tt_025C_1v80.sdf(390) ERROR** [1391] no module sky130_fd_sc_hd__dfxtp_2 timing check matches SDF (TIMINGCHECK (HOLD) - also tried matching $setuphold in Verilog source
**runs/RUN_2026-05-22_11-01-02/final/sdf/nom_tt_025C_1v80/shift_reg__nom_tt_025C_1v80.sdf(391) ERROR** [1396] unable to match (TIMINGCHECK (HOLD in type sky130_fd_sc_hd__dfxtp_2 - no specify section
**runs/RUN_2026-05-22_11-01-02/final/sdf/nom_tt_025C_1v80/shift_reg__nom_tt_025C_1v80.sdf(391) ERROR** [1396] unable to match (TIMINGCHECK (HOLD in type sky130_fd_sc_hd__dfxtp_2 - no specify section
**runs/RUN_2026-05-22_11-01-02/final/sdf/nom_tt_025C_1v80/shift_reg__nom_tt_025C_1v80.sdf(391) ERROR** [1391] no module sky130_fd_sc_hd__dfxtp_2 timing check matches SDF (TIMINGCHECK (HOLD) - also tried matching $setuphold in Verilog source
**runs/RUN_2026-05-22_11-01-02/final/sdf/nom_tt_025C_1v80/shift_reg__nom_tt_025C_1v80.sdf(392) ERROR** [1396] unable to match (TIMINGCHECK (SETUP in type sky130_fd_sc_hd__dfxtp_2 - no specify section
**runs/RUN_2026-05-22_11-01-02/final/sdf/nom_tt_025C_1v80/shift_reg__nom_tt_025C_1v80.sdf(392) ERROR** [1396] unable to match (TIMINGCHECK (SETUP in type sky130_fd_sc_hd__dfxtp_2 - no specify section
**runs/RUN_2026-05-22_11-01-02/final/sdf/nom_tt_025C_1v80/shift_reg__nom_tt_025C_1v80.sdf(392) ERROR** [1391] no module sky130_fd_sc_hd__dfxtp_2 timing check matches SDF (TIMINGCHECK (SETUP) - also tried matching $setuphold in Verilog source
**runs/RUN_2026-05-22_11-01-02/final/sdf/nom_tt_025C_1v80/shift_reg__nom_tt_025C_1v80.sdf(393) ERROR** [1396] unable to match (TIMINGCHECK (SETUP in type sky130_fd_sc_hd__dfxtp_2 - no specify section
**runs/RUN_2026-05-22_11-01-02/final/sdf/nom_tt_025C_1v80/shift_reg__nom_tt_025C_1v80.sdf(393) ERROR** [1396] unable to match (TIMINGCHECK (SETUP in type sky130_fd_sc_hd__dfxtp_2 - no specify section
**runs/RUN_2026-05-22_11-01-02/final/sdf/nom_tt_025C_1v80/shift_reg__nom_tt_025C_1v80.sdf(393) ERROR** [1391] no module sky130_fd_sc_hd__dfxtp_2 timing check matches SDF (TIMINGCHECK (SETUP) - also tried matching $setuphold in Verilog source
**runs/RUN_2026-05-22_11-01-02/final/sdf/nom_tt_025C_1v80/shift_reg__nom_tt_025C_1v80.sdf(394) ERROR** [1396] unable to match (TIMINGCHECK (WIDTH in type sky130_fd_sc_hd__dfxtp_2 - no specify section
**runs/RUN_2026-05-22_11-01-02/final/sdf/nom_tt_025C_1v80/shift_reg__nom_tt_025C_1v80.sdf(395) ERROR** [1396] unable to match (TIMINGCHECK (WIDTH in type sky130_fd_sc_hd__dfxtp_2 - no specify section
**runs/RUN_2026-05-22_11-01-02/final/sdf/nom_tt_025C_1v80/shift_reg__nom_tt_025C_1v80.sdf(403) ERROR** [1387] unable to match (IOPATH in type sky130_fd_sc_hd__dfxtp_2 - no specify section
**runs/RUN_2026-05-22_11-01-02/final/sdf/nom_tt_025C_1v80/shift_reg__nom_tt_025C_1v80.sdf(407) ERROR** [1396] unable to match (TIMINGCHECK (HOLD in type sky130_fd_sc_hd__dfxtp_2 - no specify section
**runs/RUN_2026-05-22_11-01-02/final/sdf/nom_tt_025C_1v80/shift_reg__nom_tt_025C_1v80.sdf(407) ERROR** [1396] unable to match (TIMINGCHECK (HOLD in type sky130_fd_sc_hd__dfxtp_2 - no specify section
**runs/RUN_2026-05-22_11-01-02/final/sdf/nom_tt_025C_1v80/shift_reg__nom_tt_025C_1v80.sdf(407) ERROR** [1391] no module sky130_fd_sc_hd__dfxtp_2 timing check matches SDF (TIMINGCHECK (HOLD) - also tried matching $setuphold in Verilog source
**runs/RUN_2026-05-22_11-01-02/final/sdf/nom_tt_025C_1v80/shift_reg__nom_tt_025C_1v80.sdf(408) ERROR** [1396] unable to match (TIMINGCHECK (HOLD in type sky130_fd_sc_hd__dfxtp_2 - no specify section
**runs/RUN_2026-05-22_11-01-02/final/sdf/nom_tt_025C_1v80/shift_reg__nom_tt_025C_1v80.sdf(408) ERROR** [1396] unable to match (TIMINGCHECK (HOLD in type sky130_fd_sc_hd__dfxtp_2 - no specify section
**runs/RUN_2026-05-22_11-01-02/final/sdf/nom_tt_025C_1v80/shift_reg__nom_tt_025C_1v80.sdf(408) ERROR** [1391] no module sky130_fd_sc_hd__dfxtp_2 timing check matches SDF (TIMINGCHECK (HOLD) - also tried matching $setuphold in Verilog source
**runs/RUN_2026-05-22_11-01-02/final/sdf/nom_tt_025C_1v80/shift_reg__nom_tt_025C_1v80.sdf(409) ERROR** [1396] unable to match (TIMINGCHECK (SETUP in type sky130_fd_sc_hd__dfxtp_2 - no specify section
**runs/RUN_2026-05-22_11-01-02/final/sdf/nom_tt_025C_1v80/shift_reg__nom_tt_025C_1v80.sdf(409) ERROR** [1396] unable to match (TIMINGCHECK (SETUP in type sky130_fd_sc_hd__dfxtp_2 - no specify section
**runs/RUN_2026-05-22_11-01-02/final/sdf/nom_tt_025C_1v80/shift_reg__nom_tt_025C_1v80.sdf(409) ERROR** [1391] no module sky130_fd_sc_hd__dfxtp_2 timing check matches SDF (TIMINGCHECK (SETUP) - also tried matching $setuphold in Verilog source
**runs/RUN_2026-05-22_11-01-02/final/sdf/nom_tt_025C_1v80/shift_reg__nom_tt_025C_1v80.sdf(410) ERROR** [1396] unable to match (TIMINGCHECK (SETUP in type sky130_fd_sc_hd__dfxtp_2 - no specify section
**runs/RUN_2026-05-22_11-01-02/final/sdf/nom_tt_025C_1v80/shift_reg__nom_tt_025C_1v80.sdf(410) ERROR** [1396] unable to match (TIMINGCHECK (SETUP in type sky130_fd_sc_hd__dfxtp_2 - no specify section
**runs/RUN_2026-05-22_11-01-02/final/sdf/nom_tt_025C_1v80/shift_reg__nom_tt_025C_1v80.sdf(410) ERROR** [1391] no module sky130_fd_sc_hd__dfxtp_2 timing check matches SDF (TIMINGCHECK (SETUP) - also tried matching $setuphold in Verilog source
**runs/RUN_2026-05-22_11-01-02/final/sdf/nom_tt_025C_1v80/shift_reg__nom_tt_025C_1v80.sdf(411) ERROR** [1396] unable to match (TIMINGCHECK (WIDTH in type sky130_fd_sc_hd__dfxtp_2 - no specify section
**runs/RUN_2026-05-22_11-01-02/final/sdf/nom_tt_025C_1v80/shift_reg__nom_tt_025C_1v80.sdf(412) ERROR** [1396] unable to match (TIMINGCHECK (WIDTH in type sky130_fd_sc_hd__dfxtp_2 - no specify section
**runs/RUN_2026-05-22_11-01-02/final/sdf/nom_tt_025C_1v80/shift_reg__nom_tt_025C_1v80.sdf(420) ERROR** [1387] unable to match (IOPATH in type sky130_fd_sc_hd__clkbuf_16 - no specify section
**runs/RUN_2026-05-22_11-01-02/final/sdf/nom_tt_025C_1v80/shift_reg__nom_tt_025C_1v80.sdf(429) ERROR** [1387] unable to match (IOPATH in type sky130_fd_sc_hd__clkbuf_16 - no specify section
**runs/RUN_2026-05-22_11-01-02/final/sdf/nom_tt_025C_1v80/shift_reg__nom_tt_025C_1v80.sdf(438) ERROR** [1387] unable to match (IOPATH in type sky130_fd_sc_hd__clkbuf_16 - no specify section
**runs/RUN_2026-05-22_11-01-02/final/sdf/nom_tt_025C_1v80/shift_reg__nom_tt_025C_1v80.sdf(447) ERROR** [1387] unable to match (IOPATH in type sky130_fd_sc_hd__clkdlybuf4s25_1 - no specify section
**runs/RUN_2026-05-22_11-01-02/final/sdf/nom_tt_025C_1v80/shift_reg__nom_tt_025C_1v80.sdf(456) ERROR** [1387] unable to match (IOPATH in type sky130_fd_sc_hd__clkdlybuf4s25_1 - no specify section
**runs/RUN_2026-05-22_11-01-02/final/sdf/nom_tt_025C_1v80/shift_reg__nom_tt_025C_1v80.sdf(465) ERROR** [1387] unable to match (IOPATH in type sky130_fd_sc_hd__clkdlybuf4s25_1 - no specify section
**runs/RUN_2026-05-22_11-01-02/final/sdf/nom_tt_025C_1v80/shift_reg__nom_tt_025C_1v80.sdf(474) ERROR** [1387] unable to match (IOPATH in type sky130_fd_sc_hd__clkdlybuf4s25_1 - no specify section
**runs/RUN_2026-05-22_11-01-02/final/sdf/nom_tt_025C_1v80/shift_reg__nom_tt_025C_1v80.sdf(483) ERROR** [1387] unable to match (IOPATH in type sky130_fd_sc_hd__clkdlybuf4s25_1 - no specify section
**runs/RUN_2026-05-22_11-01-02/final/sdf/nom_tt_025C_1v80/shift_reg__nom_tt_025C_1v80.sdf(492) ERROR** [1387] unable to match (IOPATH in type sky130_fd_sc_hd__clkdlybuf4s25_1 - no specify section
**runs/RUN_2026-05-22_11-01-02/final/sdf/nom_tt_025C_1v80/shift_reg__nom_tt_025C_1v80.sdf(501) ERROR** [1387] unable to match (IOPATH in type sky130_fd_sc_hd__clkdlybuf4s25_1 - no specify section
**runs/RUN_2026-05-22_11-01-02/final/sdf/nom_tt_025C_1v80/shift_reg__nom_tt_025C_1v80.sdf(510) ERROR** [1387] unable to match (IOPATH in type sky130_fd_sc_hd__clkdlybuf4s25_1 - no specify section
**runs/RUN_2026-05-22_11-01-02/final/sdf/nom_tt_025C_1v80/shift_reg__nom_tt_025C_1v80.sdf(519) ERROR** [1387] unable to match (IOPATH in type sky130_fd_sc_hd__clkdlybuf4s25_1 - no specify section
**runs/RUN_2026-05-22_11-01-02/final/sdf/nom_tt_025C_1v80/shift_reg__nom_tt_025C_1v80.sdf(528) ERROR** [1387] unable to match (IOPATH in type sky130_fd_sc_hd__clkdlybuf4s25_1 - no specify section
**runs/RUN_2026-05-22_11-01-02/final/sdf/nom_tt_025C_1v80/shift_reg__nom_tt_025C_1v80.sdf(537) ERROR** [1387] unable to match (IOPATH in type sky130_fd_sc_hd__clkdlybuf4s25_1 - no specify section
  **182 SDF errors during $sdf_annotate of "runs/RUN_2026-05-22_11-01-02/final/sdf/nom_tt_025C_1v80/shift_reg__nom_tt_025C_1v80.sdf" context scope tb_shift_reg.u_dut

[TB] Annotating SDF: runs/RUN_2026-05-22_11-01-02/final/sdf/nom_tt_025C_1v80/shift_reg__nom_tt_025C_1v80.sdf
========================================
 tb_shift_reg  (WIDTH=8, T=10ns)
========================================
----------------------------------------
 ALL TESTS PASSED
========================================
Halted at location **tb_shift_reg.sv(149) time 236000 ps from call to $finish.
  There were 0 error(s), 10 warning(s), and 5777 inform(s).
